{"C:\\Users\\shrid\\Downloads\\moodlift-production\\moodlift\\backend\\src\\config\\database.js": {"path":"C:\\Users\\shrid\\Downloads\\moodlift-production\\moodlift\\backend\\src\\config\\database.js","statementMap":{"0":{"start":{"line":5,"column":17},"end":{"line":5,"column":36}},"1":{"start":{"line":6,"column":19},"end":{"line":6,"column":45}},"2":{"start":{"line":8,"column":20},"end":{"line":8,"column":86}},"3":{"start":{"line":10,"column":18},"end":{"line":26,"column":1}},"4":{"start":{"line":11,"column":2},"end":{"line":13,"column":3}},"5":{"start":{"line":12,"column":4},"end":{"line":12,"column":31}},"6":{"start":{"line":15,"column":2},"end":{"line":15,"column":36}},"7":{"start":{"line":17,"column":2},"end":{"line":19,"column":5}},"8":{"start":{"line":21,"column":2},"end":{"line":23,"column":5}},"9":{"start":{"line":22,"column":4},"end":{"line":22,"column":53}},"10":{"start":{"line":25,"column":2},"end":{"line":25,"column":29}},"11":{"start":{"line":28,"column":21},"end":{"line":32,"column":1}},"12":{"start":{"line":29,"column":2},"end":{"line":31,"column":3}},"13":{"start":{"line":30,"column":4},"end":{"line":30,"column":32}},"14":{"start":{"line":34,"column":0},"end":{"line":38,"column":2}}},"fnMap":{"0":{"name":"(anonymous_0)","decl":{"start":{"line":10,"column":18},"end":{"line":10,"column":19}},"loc":{"start":{"line":10,"column":30},"end":{"line":26,"column":1}},"line":10},"1":{"name":"(anonymous_1)","decl":{"start":{"line":21,"column":34},"end":{"line":21,"column":35}},"loc":{"start":{"line":21,"column":45},"end":{"line":23,"column":3}},"line":21},"2":{"name":"(anonymous_2)","decl":{"start":{"line":28,"column":21},"end":{"line":28,"column":22}},"loc":{"start":{"line":28,"column":33},"end":{"line":32,"column":1}},"line":28}},"branchMap":{"0":{"loc":{"start":{"line":8,"column":20},"end":{"line":8,"column":86}},"type":"binary-expr","locations":[{"start":{"line":8,"column":20},"end":{"line":8,"column":43}},{"start":{"line":8,"column":47},"end":{"line":8,"column":86}}],"line":8},"1":{"loc":{"start":{"line":11,"column":2},"end":{"line":13,"column":3}},"type":"if","locations":[{"start":{"line":11,"column":2},"end":{"line":13,"column":3}},{"start":{},"end":{}}],"line":11},"2":{"loc":{"start":{"line":29,"column":2},"end":{"line":31,"column":3}},"type":"if","locations":[{"start":{"line":29,"column":2},"end":{"line":31,"column":3}},{"start":{},"end":{}}],"line":29}},"s":{"0":0,"1":0,"2":0,"3":0,"4":0,"5":0,"6":0,"7":0,"8":0,"9":0,"10":0,"11":0,"12":0,"13":0,"14":0},"f":{"0":0,"1":0,"2":0},"b":{"0":[0,0],"1":[0,0],"2":[0,0]}}
,"C:\\Users\\shrid\\Downloads\\moodlift-production\\moodlift\\backend\\src\\config\\redis.js": {"path":"C:\\Users\\shrid\\Downloads\\moodlift-production\\moodlift\\backend\\src\\config\\redis.js","statementMap":{"0":{"start":{"line":6,"column":14},"end":{"line":6,"column":30}},"1":{"start":{"line":7,"column":19},"end":{"line":7,"column":45}},"2":{"start":{"line":10,"column":21},"end":{"line":10,"column":26}},"3":{"start":{"line":11,"column":20},"end":{"line":11,"column":29}},"4":{"start":{"line":13,"column":33},"end":{"line":21,"column":1}},"5":{"start":{"line":14,"column":14},"end":{"line":14,"column":24}},"6":{"start":{"line":16,"column":2},"end":{"line":20,"column":3}},"7":{"start":{"line":17,"column":4},"end":{"line":19,"column":5}},"8":{"start":{"line":18,"column":6},"end":{"line":18,"column":30}},"9":{"start":{"line":23,"column":23},"end":{"line":23,"column":121}},"10":{"start":{"line":23,"column":36},"end":{"line":23,"column":121}},"11":{"start":{"line":25,"column":21},"end":{"line":59,"column":1}},"12":{"start":{"line":26,"column":2},"end":{"line":30,"column":3}},"13":{"start":{"line":27,"column":4},"end":{"line":27,"column":26}},"14":{"start":{"line":28,"column":4},"end":{"line":28,"column":82}},"15":{"start":{"line":29,"column":4},"end":{"line":29,"column":11}},"16":{"start":{"line":32,"column":2},"end":{"line":46,"column":5}},"17":{"start":{"line":37,"column":8},"end":{"line":40,"column":9}},"18":{"start":{"line":38,"column":10},"end":{"line":38,"column":67}},"19":{"start":{"line":39,"column":10},"end":{"line":39,"column":56}},"20":{"start":{"line":42,"column":8},"end":{"line":42,"column":45}},"21":{"start":{"line":48,"column":2},"end":{"line":48,"column":72}},"22":{"start":{"line":48,"column":30},"end":{"line":48,"column":70}},"23":{"start":{"line":49,"column":2},"end":{"line":49,"column":68}},"24":{"start":{"line":49,"column":29},"end":{"line":49,"column":66}},"25":{"start":{"line":50,"column":2},"end":{"line":50,"column":79}},"26":{"start":{"line":50,"column":34},"end":{"line":50,"column":77}},"27":{"start":{"line":52,"column":2},"end":{"line":58,"column":3}},"28":{"start":{"line":53,"column":4},"end":{"line":53,"column":27}},"29":{"start":{"line":55,"column":4},"end":{"line":55,"column":26}},"30":{"start":{"line":56,"column":4},"end":{"line":56,"column":18}},"31":{"start":{"line":57,"column":4},"end":{"line":57,"column":97}},"32":{"start":{"line":61,"column":23},"end":{"line":71,"column":1}},"33":{"start":{"line":62,"column":2},"end":{"line":64,"column":3}},"34":{"start":{"line":63,"column":4},"end":{"line":63,"column":16}},"35":{"start":{"line":66,"column":2},"end":{"line":68,"column":3}},"36":{"start":{"line":67,"column":4},"end":{"line":67,"column":45}},"37":{"start":{"line":70,"column":2},"end":{"line":70,"column":16}},"38":{"start":{"line":73,"column":23},"end":{"line":78,"column":1}},"39":{"start":{"line":74,"column":2},"end":{"line":77,"column":5}},"40":{"start":{"line":80,"column":23},"end":{"line":83,"column":1}},"41":{"start":{"line":81,"column":2},"end":{"line":81,"column":29}},"42":{"start":{"line":82,"column":2},"end":{"line":82,"column":45}},"43":{"start":{"line":85,"column":17},"end":{"line":94,"column":1}},"44":{"start":{"line":86,"column":14},"end":{"line":86,"column":72}},"45":{"start":{"line":88,"column":2},"end":{"line":91,"column":3}},"46":{"start":{"line":89,"column":4},"end":{"line":89,"column":36}},"47":{"start":{"line":90,"column":4},"end":{"line":90,"column":11}},"48":{"start":{"line":93,"column":2},"end":{"line":93,"column":64}},"49":{"start":{"line":96,"column":17},"end":{"line":103,"column":1}},"50":{"start":{"line":97,"column":2},"end":{"line":99,"column":3}},"51":{"start":{"line":98,"column":4},"end":{"line":98,"column":31}},"52":{"start":{"line":101,"column":15},"end":{"line":101,"column":46}},"53":{"start":{"line":102,"column":2},"end":{"line":102,"column":40}},"54":{"start":{"line":105,"column":20},"end":{"line":112,"column":1}},"55":{"start":{"line":106,"column":2},"end":{"line":109,"column":3}},"56":{"start":{"line":107,"column":4},"end":{"line":107,"column":28}},"57":{"start":{"line":108,"column":4},"end":{"line":108,"column":11}},"58":{"start":{"line":111,"column":2},"end":{"line":111,"column":34}},"59":{"start":{"line":114,"column":27},"end":{"line":132,"column":1}},"60":{"start":{"line":115,"column":2},"end":{"line":126,"column":3}},"61":{"start":{"line":116,"column":4},"end":{"line":116,"column":31}},"62":{"start":{"line":117,"column":18},"end":{"line":117,"column":41}},"63":{"start":{"line":119,"column":4},"end":{"line":123,"column":5}},"64":{"start":{"line":120,"column":6},"end":{"line":122,"column":7}},"65":{"start":{"line":121,"column":8},"end":{"line":121,"column":32}},"66":{"start":{"line":125,"column":4},"end":{"line":125,"column":11}},"67":{"start":{"line":128,"column":15},"end":{"line":128,"column":51}},"68":{"start":{"line":129,"column":2},"end":{"line":131,"column":3}},"69":{"start":{"line":130,"column":4},"end":{"line":130,"column":37}},"70":{"start":{"line":134,"column":25},"end":{"line":148,"column":1}},"71":{"start":{"line":135,"column":2},"end":{"line":139,"column":3}},"72":{"start":{"line":136,"column":20},"end":{"line":136,"column":56}},"73":{"start":{"line":137,"column":4},"end":{"line":137,"column":45}},"74":{"start":{"line":138,"column":4},"end":{"line":138,"column":19}},"75":{"start":{"line":141,"column":22},"end":{"line":141,"column":38}},"76":{"start":{"line":142,"column":16},"end":{"line":142,"column":43}},"77":{"start":{"line":143,"column":2},"end":{"line":145,"column":3}},"78":{"start":{"line":144,"column":4},"end":{"line":144,"column":46}},"79":{"start":{"line":147,"column":2},"end":{"line":147,"column":15}},"80":{"start":{"line":150,"column":23},"end":{"line":159,"column":1}},"81":{"start":{"line":151,"column":14},"end":{"line":151,"column":32}},"82":{"start":{"line":153,"column":2},"end":{"line":156,"column":3}},"83":{"start":{"line":154,"column":4},"end":{"line":154,"column":51}},"84":{"start":{"line":155,"column":4},"end":{"line":155,"column":11}},"85":{"start":{"line":158,"column":2},"end":{"line":158,"column":63}},"86":{"start":{"line":161,"column":27},"end":{"line":168,"column":1}},"87":{"start":{"line":162,"column":2},"end":{"line":164,"column":3}},"88":{"start":{"line":163,"column":4},"end":{"line":163,"column":56}},"89":{"start":{"line":166,"column":17},"end":{"line":166,"column":65}},"90":{"start":{"line":167,"column":2},"end":{"line":167,"column":24}},"91":{"start":{"line":170,"column":0},"end":{"line":180,"column":2}}},"fnMap":{"0":{"name":"(anonymous_0)","decl":{"start":{"line":13,"column":33},"end":{"line":13,"column":34}},"loc":{"start":{"line":13,"column":39},"end":{"line":21,"column":1}},"line":13},"1":{"name":"(anonymous_1)","decl":{"start":{"line":23,"column":23},"end":{"line":23,"column":24}},"loc":{"start":{"line":23,"column":36},"end":{"line":23,"column":121}},"line":23},"2":{"name":"(anonymous_2)","decl":{"start":{"line":25,"column":21},"end":{"line":25,"column":22}},"loc":{"start":{"line":25,"column":33},"end":{"line":59,"column":1}},"line":25},"3":{"name":"(anonymous_3)","decl":{"start":{"line":36,"column":25},"end":{"line":36,"column":26}},"loc":{"start":{"line":36,"column":38},"end":{"line":43,"column":7}},"line":36},"4":{"name":"(anonymous_4)","decl":{"start":{"line":48,"column":21},"end":{"line":48,"column":22}},"loc":{"start":{"line":48,"column":30},"end":{"line":48,"column":70}},"line":48},"5":{"name":"(anonymous_5)","decl":{"start":{"line":49,"column":23},"end":{"line":49,"column":24}},"loc":{"start":{"line":49,"column":29},"end":{"line":49,"column":66}},"line":49},"6":{"name":"(anonymous_6)","decl":{"start":{"line":50,"column":28},"end":{"line":50,"column":29}},"loc":{"start":{"line":50,"column":34},"end":{"line":50,"column":77}},"line":50},"7":{"name":"(anonymous_7)","decl":{"start":{"line":61,"column":23},"end":{"line":61,"column":24}},"loc":{"start":{"line":61,"column":29},"end":{"line":71,"column":1}},"line":61},"8":{"name":"(anonymous_8)","decl":{"start":{"line":73,"column":23},"end":{"line":73,"column":24}},"loc":{"start":{"line":73,"column":51},"end":{"line":78,"column":1}},"line":73},"9":{"name":"(anonymous_9)","decl":{"start":{"line":80,"column":23},"end":{"line":80,"column":24}},"loc":{"start":{"line":80,"column":32},"end":{"line":83,"column":1}},"line":80},"10":{"name":"(anonymous_10)","decl":{"start":{"line":85,"column":17},"end":{"line":85,"column":18}},"loc":{"start":{"line":85,"column":58},"end":{"line":94,"column":1}},"line":85},"11":{"name":"(anonymous_11)","decl":{"start":{"line":96,"column":17},"end":{"line":96,"column":18}},"loc":{"start":{"line":96,"column":32},"end":{"line":103,"column":1}},"line":96},"12":{"name":"(anonymous_12)","decl":{"start":{"line":105,"column":20},"end":{"line":105,"column":21}},"loc":{"start":{"line":105,"column":35},"end":{"line":112,"column":1}},"line":105},"13":{"name":"(anonymous_13)","decl":{"start":{"line":114,"column":27},"end":{"line":114,"column":28}},"loc":{"start":{"line":114,"column":46},"end":{"line":132,"column":1}},"line":114},"14":{"name":"(anonymous_14)","decl":{"start":{"line":134,"column":25},"end":{"line":134,"column":26}},"loc":{"start":{"line":134,"column":59},"end":{"line":148,"column":1}},"line":134},"15":{"name":"(anonymous_15)","decl":{"start":{"line":150,"column":23},"end":{"line":150,"column":24}},"loc":{"start":{"line":150,"column":51},"end":{"line":159,"column":1}},"line":150},"16":{"name":"(anonymous_16)","decl":{"start":{"line":161,"column":27},"end":{"line":161,"column":28}},"loc":{"start":{"line":161,"column":44},"end":{"line":168,"column":1}},"line":161}},"branchMap":{"0":{"loc":{"start":{"line":17,"column":4},"end":{"line":19,"column":5}},"type":"if","locations":[{"start":{"line":17,"column":4},"end":{"line":19,"column":5}},{"start":{},"end":{}}],"line":17},"1":{"loc":{"start":{"line":17,"column":8},"end":{"line":17,"column":49}},"type":"binary-expr","locations":[{"start":{"line":17,"column":8},"end":{"line":17,"column":23}},{"start":{"line":17,"column":27},"end":{"line":17,"column":49}}],"line":17},"2":{"loc":{"start":{"line":26,"column":2},"end":{"line":30,"column":3}},"type":"if","locations":[{"start":{"line":26,"column":2},"end":{"line":30,"column":3}},{"start":{},"end":{}}],"line":26},"3":{"loc":{"start":{"line":34,"column":12},"end":{"line":34,"column":49}},"type":"binary-expr","locations":[{"start":{"line":34,"column":12},"end":{"line":34,"column":34}},{"start":{"line":34,"column":38},"end":{"line":34,"column":49}}],"line":34},"4":{"loc":{"start":{"line":35,"column":12},"end":{"line":35,"column":56}},"type":"binary-expr","locations":[{"start":{"line":35,"column":12},"end":{"line":35,"column":48}},{"start":{"line":35,"column":52},"end":{"line":35,"column":56}}],"line":35},"5":{"loc":{"start":{"line":37,"column":8},"end":{"line":40,"column":9}},"type":"if","locations":[{"start":{"line":37,"column":8},"end":{"line":40,"column":9}},{"start":{},"end":{}}],"line":37},"6":{"loc":{"start":{"line":45,"column":14},"end":{"line":45,"column":53}},"type":"binary-expr","locations":[{"start":{"line":45,"column":14},"end":{"line":45,"column":40}},{"start":{"line":45,"column":44},"end":{"line":45,"column":53}}],"line":45},"7":{"loc":{"start":{"line":62,"column":2},"end":{"line":64,"column":3}},"type":"if","locations":[{"start":{"line":62,"column":2},"end":{"line":64,"column":3}},{"start":{},"end":{}}],"line":62},"8":{"loc":{"start":{"line":66,"column":2},"end":{"line":68,"column":3}},"type":"if","locations":[{"start":{"line":66,"column":2},"end":{"line":68,"column":3}},{"start":{},"end":{}}],"line":66},"9":{"loc":{"start":{"line":76,"column":15},"end":{"line":76,"column":67}},"type":"cond-expr","locations":[{"start":{"line":76,"column":28},"end":{"line":76,"column":60}},{"start":{"line":76,"column":63},"end":{"line":76,"column":67}}],"line":76},"10":{"loc":{"start":{"line":82,"column":9},"end":{"line":82,"column":44}},"type":"binary-expr","locations":[{"start":{"line":82,"column":9},"end":{"line":82,"column":36}},{"start":{"line":82,"column":40},"end":{"line":82,"column":44}}],"line":82},"11":{"loc":{"start":{"line":85,"column":36},"end":{"line":85,"column":53}},"type":"default-arg","locations":[{"start":{"line":85,"column":49},"end":{"line":85,"column":53}}],"line":85},"12":{"loc":{"start":{"line":86,"column":14},"end":{"line":86,"column":72}},"type":"binary-expr","locations":[{"start":{"line":86,"column":14},"end":{"line":86,"column":24}},{"start":{"line":86,"column":28},"end":{"line":86,"column":63}},{"start":{"line":86,"column":67},"end":{"line":86,"column":72}}],"line":86},"13":{"loc":{"start":{"line":88,"column":2},"end":{"line":91,"column":3}},"type":"if","locations":[{"start":{"line":88,"column":2},"end":{"line":91,"column":3}},{"start":{},"end":{}}],"line":88},"14":{"loc":{"start":{"line":97,"column":2},"end":{"line":99,"column":3}},"type":"if","locations":[{"start":{"line":97,"column":2},"end":{"line":99,"column":3}},{"start":{},"end":{}}],"line":97},"15":{"loc":{"start":{"line":102,"column":9},"end":{"line":102,"column":39}},"type":"cond-expr","locations":[{"start":{"line":102,"column":16},"end":{"line":102,"column":32}},{"start":{"line":102,"column":35},"end":{"line":102,"column":39}}],"line":102},"16":{"loc":{"start":{"line":106,"column":2},"end":{"line":109,"column":3}},"type":"if","locations":[{"start":{"line":106,"column":2},"end":{"line":109,"column":3}},{"start":{},"end":{}}],"line":106},"17":{"loc":{"start":{"line":115,"column":2},"end":{"line":126,"column":3}},"type":"if","locations":[{"start":{"line":115,"column":2},"end":{"line":126,"column":3}},{"start":{},"end":{}}],"line":115},"18":{"loc":{"start":{"line":120,"column":6},"end":{"line":122,"column":7}},"type":"if","locations":[{"start":{"line":120,"column":6},"end":{"line":122,"column":7}},{"start":{},"end":{}}],"line":120},"19":{"loc":{"start":{"line":129,"column":2},"end":{"line":131,"column":3}},"type":"if","locations":[{"start":{"line":129,"column":2},"end":{"line":131,"column":3}},{"start":{},"end":{}}],"line":129},"20":{"loc":{"start":{"line":134,"column":37},"end":{"line":134,"column":54}},"type":"default-arg","locations":[{"start":{"line":134,"column":50},"end":{"line":134,"column":54}}],"line":134},"21":{"loc":{"start":{"line":135,"column":2},"end":{"line":139,"column":3}},"type":"if","locations":[{"start":{"line":135,"column":2},"end":{"line":139,"column":3}},{"start":{},"end":{}}],"line":135},"22":{"loc":{"start":{"line":136,"column":27},"end":{"line":136,"column":51}},"type":"binary-expr","locations":[{"start":{"line":136,"column":27},"end":{"line":136,"column":46}},{"start":{"line":136,"column":50},"end":{"line":136,"column":51}}],"line":136},"23":{"loc":{"start":{"line":143,"column":2},"end":{"line":145,"column":3}},"type":"if","locations":[{"start":{"line":143,"column":2},"end":{"line":145,"column":3}},{"start":{},"end":{}}],"line":143},"24":{"loc":{"start":{"line":151,"column":14},"end":{"line":151,"column":32}},"type":"binary-expr","locations":[{"start":{"line":151,"column":14},"end":{"line":151,"column":23}},{"start":{"line":151,"column":27},"end":{"line":151,"column":32}}],"line":151},"25":{"loc":{"start":{"line":153,"column":2},"end":{"line":156,"column":3}},"type":"if","locations":[{"start":{"line":153,"column":2},"end":{"line":156,"column":3}},{"start":{},"end":{}}],"line":153},"26":{"loc":{"start":{"line":162,"column":2},"end":{"line":164,"column":3}},"type":"if","locations":[{"start":{"line":162,"column":2},"end":{"line":164,"column":3}},{"start":{},"end":{}}],"line":162}},"s":{"0":0,"1":0,"2":0,"3":0,"4":0,"5":0,"6":0,"7":0,"8":0,"9":0,"10":0,"11":0,"12":0,"13":0,"14":0,"15":0,"16":0,"17":0,"18":0,"19":0,"20":0,"21":0,"22":0,"23":0,"24":0,"25":0,"26":0,"27":0,"28":0,"29":0,"30":0,"31":0,"32":0,"33":0,"34":0,"35":0,"36":0,"37":0,"38":0,"39":0,"40":0,"41":0,"42":0,"43":0,"44":0,"45":0,"46":0,"47":0,"48":0,"49":0,"50":0,"51":0,"52":0,"53":0,"54":0,"55":0,"56":0,"57":0,"58":0,"59":0,"60":0,"61":0,"62":0,"63":0,"64":0,"65":0,"66":0,"67":0,"68":0,"69":0,"70":0,"71":0,"72":0,"73":0,"74":0,"75":0,"76":0,"77":0,"78":0,"79":0,"80":0,"81":0,"82":0,"83":0,"84":0,"85":0,"86":0,"87":0,"88":0,"89":0,"90":0,"91":0},"f":{"0":0,"1":0,"2":0,"3":0,"4":0,"5":0,"6":0,"7":0,"8":0,"9":0,"10":0,"11":0,"12":0,"13":0,"14":0,"15":0,"16":0},"b":{"0":[0,0],"1":[0,0],"2":[0,0],"3":[0,0],"4":[0,0],"5":[0,0],"6":[0,0],"7":[0,0],"8":[0,0],"9":[0,0],"10":[0,0],"11":[0],"12":[0,0,0],"13":[0,0],"14":[0,0],"15":[0,0],"16":[0,0],"17":[0,0],"18":[0,0],"19":[0,0],"20":[0],"21":[0,0],"22":[0,0],"23":[0,0],"24":[0,0],"25":[0,0],"26":[0,0]}}
,"C:\\Users\\shrid\\Downloads\\moodlift-production\\moodlift\\backend\\src\\controllers\\auth.controller.js": {"path":"C:\\Users\\shrid\\Downloads\\moodlift-production\\moodlift\\backend\\src\\controllers\\auth.controller.js","statementMap":{"0":{"start":{"line":6,"column":15},"end":{"line":6,"column":34}},"1":{"start":{"line":7,"column":23},"end":{"line":7,"column":38}},"2":{"start":{"line":8,"column":17},"end":{"line":8,"column":37}},"3":{"start":{"line":9,"column":66},"end":{"line":9,"column":89}},"4":{"start":{"line":10,"column":60},"end":{"line":10,"column":86}},"5":{"start":{"line":11,"column":64},"end":{"line":11,"column":90}},"6":{"start":{"line":12,"column":19},"end":{"line":12,"column":45}},"7":{"start":{"line":13,"column":22},"end":{"line":13,"column":51}},"8":{"start":{"line":15,"column":20},"end":{"line":15,"column":22}},"9":{"start":{"line":17,"column":21},"end":{"line":25,"column":1}},"10":{"start":{"line":18,"column":15},"end":{"line":18,"column":30}},"11":{"start":{"line":19,"column":2},"end":{"line":19,"column":28}},"12":{"start":{"line":20,"column":2},"end":{"line":20,"column":33}},"13":{"start":{"line":21,"column":2},"end":{"line":21,"column":35}},"14":{"start":{"line":22,"column":2},"end":{"line":22,"column":37}},"15":{"start":{"line":23,"column":2},"end":{"line":23,"column":39}},"16":{"start":{"line":24,"column":2},"end":{"line":24,"column":14}},"17":{"start":{"line":30,"column":17},"end":{"line":77,"column":1}},"18":{"start":{"line":31,"column":2},"end":{"line":76,"column":3}},"19":{"start":{"line":32,"column":63},"end":{"line":32,"column":71}},"20":{"start":{"line":33,"column":28},"end":{"line":33,"column":47}},"21":{"start":{"line":34,"column":31},"end":{"line":34,"column":53}},"22":{"start":{"line":36,"column":21},"end":{"line":41,"column":13}},"23":{"start":{"line":43,"column":4},"end":{"line":45,"column":5}},"24":{"start":{"line":44,"column":6},"end":{"line":44,"column":66}},"25":{"start":{"line":47,"column":25},"end":{"line":47,"column":65}},"26":{"start":{"line":48,"column":30},"end":{"line":48,"column":38}},"27":{"start":{"line":50,"column":17},"end":{"line":57,"column":6}},"28":{"start":{"line":59,"column":21},"end":{"line":59,"column":39}},"29":{"start":{"line":60,"column":19},"end":{"line":60,"column":46}},"30":{"start":{"line":62,"column":4},"end":{"line":62,"column":70}},"31":{"start":{"line":64,"column":4},"end":{"line":64,"column":58}},"32":{"start":{"line":66,"column":4},"end":{"line":73,"column":7}},"33":{"start":{"line":75,"column":4},"end":{"line":75,"column":16}},"34":{"start":{"line":82,"column":14},"end":{"line":116,"column":1}},"35":{"start":{"line":83,"column":2},"end":{"line":115,"column":3}},"36":{"start":{"line":84,"column":32},"end":{"line":84,"column":40}},"37":{"start":{"line":85,"column":28},"end":{"line":85,"column":47}},"38":{"start":{"line":87,"column":17},"end":{"line":87,"column":63}},"39":{"start":{"line":89,"column":4},"end":{"line":91,"column":5}},"40":{"start":{"line":90,"column":6},"end":{"line":90,"column":65}},"41":{"start":{"line":93,"column":4},"end":{"line":95,"column":5}},"42":{"start":{"line":94,"column":6},"end":{"line":94,"column":68}},"43":{"start":{"line":97,"column":4},"end":{"line":97,"column":33}},"44":{"start":{"line":98,"column":4},"end":{"line":98,"column":22}},"45":{"start":{"line":100,"column":21},"end":{"line":100,"column":39}},"46":{"start":{"line":101,"column":19},"end":{"line":101,"column":46}},"47":{"start":{"line":103,"column":4},"end":{"line":103,"column":53}},"48":{"start":{"line":105,"column":4},"end":{"line":112,"column":7}},"49":{"start":{"line":114,"column":4},"end":{"line":114,"column":16}},"50":{"start":{"line":121,"column":15},"end":{"line":135,"column":1}},"51":{"start":{"line":122,"column":2},"end":{"line":134,"column":3}},"52":{"start":{"line":123,"column":18},"end":{"line":123,"column":27}},"53":{"start":{"line":124,"column":19},"end":{"line":124,"column":40}},"54":{"start":{"line":125,"column":16},"end":{"line":125,"column":71}},"55":{"start":{"line":127,"column":4},"end":{"line":129,"column":5}},"56":{"start":{"line":128,"column":6},"end":{"line":128,"column":39}},"57":{"start":{"line":131,"column":4},"end":{"line":131,"column":68}},"58":{"start":{"line":133,"column":4},"end":{"line":133,"column":16}},"59":{"start":{"line":140,"column":21},"end":{"line":163,"column":1}},"60":{"start":{"line":141,"column":2},"end":{"line":162,"column":3}},"61":{"start":{"line":142,"column":30},"end":{"line":142,"column":38}},"62":{"start":{"line":143,"column":4},"end":{"line":145,"column":5}},"63":{"start":{"line":144,"column":6},"end":{"line":144,"column":62}},"64":{"start":{"line":147,"column":20},"end":{"line":147,"column":53}},"65":{"start":{"line":148,"column":17},"end":{"line":148,"column":55}},"66":{"start":{"line":150,"column":4},"end":{"line":152,"column":5}},"67":{"start":{"line":151,"column":6},"end":{"line":151,"column":66}},"68":{"start":{"line":154,"column":19},"end":{"line":154,"column":56}},"69":{"start":{"line":156,"column":4},"end":{"line":159,"column":7}},"70":{"start":{"line":161,"column":4},"end":{"line":161,"column":16}},"71":{"start":{"line":168,"column":23},"end":{"line":203,"column":1}},"72":{"start":{"line":169,"column":2},"end":{"line":202,"column":3}},"73":{"start":{"line":170,"column":22},"end":{"line":170,"column":30}},"74":{"start":{"line":171,"column":28},"end":{"line":171,"column":47}},"75":{"start":{"line":172,"column":17},"end":{"line":172,"column":70}},"76":{"start":{"line":174,"column":4},"end":{"line":179,"column":5}},"77":{"start":{"line":175,"column":6},"end":{"line":178,"column":9}},"78":{"start":{"line":181,"column":23},"end":{"line":181,"column":31}},"79":{"start":{"line":182,"column":22},"end":{"line":182,"column":59}},"80":{"start":{"line":184,"column":4},"end":{"line":192,"column":6}},"81":{"start":{"line":194,"column":4},"end":{"line":194,"column":68}},"82":{"start":{"line":196,"column":4},"end":{"line":199,"column":7}},"83":{"start":{"line":201,"column":4},"end":{"line":201,"column":16}},"84":{"start":{"line":208,"column":22},"end":{"line":230,"column":1}},"85":{"start":{"line":209,"column":2},"end":{"line":229,"column":3}},"86":{"start":{"line":210,"column":32},"end":{"line":210,"column":40}},"87":{"start":{"line":212,"column":17},"end":{"line":215,"column":6}},"88":{"start":{"line":217,"column":4},"end":{"line":219,"column":5}},"89":{"start":{"line":218,"column":6},"end":{"line":218,"column":66}},"90":{"start":{"line":221,"column":4},"end":{"line":221,"column":66}},"91":{"start":{"line":222,"column":4},"end":{"line":222,"column":37}},"92":{"start":{"line":223,"column":4},"end":{"line":223,"column":39}},"93":{"start":{"line":224,"column":4},"end":{"line":224,"column":22}},"94":{"start":{"line":226,"column":4},"end":{"line":226,"column":70}},"95":{"start":{"line":228,"column":4},"end":{"line":228,"column":16}},"96":{"start":{"line":235,"column":14},"end":{"line":240,"column":1}},"97":{"start":{"line":236,"column":2},"end":{"line":239,"column":5}},"98":{"start":{"line":245,"column":20},"end":{"line":267,"column":1}},"99":{"start":{"line":246,"column":2},"end":{"line":266,"column":3}},"100":{"start":{"line":247,"column":22},"end":{"line":247,"column":32}},"101":{"start":{"line":248,"column":19},"end":{"line":248,"column":52}},"102":{"start":{"line":250,"column":4},"end":{"line":252,"column":5}},"103":{"start":{"line":251,"column":6},"end":{"line":251,"column":73}},"104":{"start":{"line":254,"column":4},"end":{"line":259,"column":7}},"105":{"start":{"line":261,"column":4},"end":{"line":261,"column":41}},"106":{"start":{"line":263,"column":4},"end":{"line":263,"column":72}},"107":{"start":{"line":265,"column":4},"end":{"line":265,"column":16}},"108":{"start":{"line":269,"column":0},"end":{"line":278,"column":2}}},"fnMap":{"0":{"name":"(anonymous_0)","decl":{"start":{"line":17,"column":21},"end":{"line":17,"column":22}},"loc":{"start":{"line":17,"column":31},"end":{"line":25,"column":1}},"line":17},"1":{"name":"(anonymous_1)","decl":{"start":{"line":30,"column":17},"end":{"line":30,"column":18}},"loc":{"start":{"line":30,"column":43},"end":{"line":77,"column":1}},"line":30},"2":{"name":"(anonymous_2)","decl":{"start":{"line":82,"column":14},"end":{"line":82,"column":15}},"loc":{"start":{"line":82,"column":40},"end":{"line":116,"column":1}},"line":82},"3":{"name":"(anonymous_3)","decl":{"start":{"line":121,"column":15},"end":{"line":121,"column":16}},"loc":{"start":{"line":121,"column":41},"end":{"line":135,"column":1}},"line":121},"4":{"name":"(anonymous_4)","decl":{"start":{"line":140,"column":21},"end":{"line":140,"column":22}},"loc":{"start":{"line":140,"column":47},"end":{"line":163,"column":1}},"line":140},"5":{"name":"(anonymous_5)","decl":{"start":{"line":168,"column":23},"end":{"line":168,"column":24}},"loc":{"start":{"line":168,"column":49},"end":{"line":203,"column":1}},"line":168},"6":{"name":"(anonymous_6)","decl":{"start":{"line":208,"column":22},"end":{"line":208,"column":23}},"loc":{"start":{"line":208,"column":48},"end":{"line":230,"column":1}},"line":208},"7":{"name":"(anonymous_7)","decl":{"start":{"line":235,"column":14},"end":{"line":235,"column":15}},"loc":{"start":{"line":235,"column":34},"end":{"line":240,"column":1}},"line":235},"8":{"name":"(anonymous_8)","decl":{"start":{"line":245,"column":20},"end":{"line":245,"column":21}},"loc":{"start":{"line":245,"column":46},"end":{"line":267,"column":1}},"line":245}},"branchMap":{"0":{"loc":{"start":{"line":43,"column":4},"end":{"line":45,"column":5}},"type":"if","locations":[{"start":{"line":43,"column":4},"end":{"line":45,"column":5}},{"start":{},"end":{}}],"line":43},"1":{"loc":{"start":{"line":54,"column":17},"end":{"line":54,"column":34}},"type":"binary-expr","locations":[{"start":{"line":54,"column":17},"end":{"line":54,"column":26}},{"start":{"line":54,"column":30},"end":{"line":54,"column":34}}],"line":54},"2":{"loc":{"start":{"line":55,"column":16},"end":{"line":55,"column":33}},"type":"binary-expr","locations":[{"start":{"line":55,"column":16},"end":{"line":55,"column":24}},{"start":{"line":55,"column":28},"end":{"line":55,"column":33}}],"line":55},"3":{"loc":{"start":{"line":89,"column":4},"end":{"line":91,"column":5}},"type":"if","locations":[{"start":{"line":89,"column":4},"end":{"line":91,"column":5}},{"start":{},"end":{}}],"line":89},"4":{"loc":{"start":{"line":89,"column":8},"end":{"line":89,"column":70}},"type":"binary-expr","locations":[{"start":{"line":89,"column":8},"end":{"line":89,"column":13}},{"start":{"line":89,"column":17},"end":{"line":89,"column":70}}],"line":89},"5":{"loc":{"start":{"line":93,"column":4},"end":{"line":95,"column":5}},"type":"if","locations":[{"start":{"line":93,"column":4},"end":{"line":95,"column":5}},{"start":{},"end":{}}],"line":93},"6":{"loc":{"start":{"line":125,"column":16},"end":{"line":125,"column":71}},"type":"cond-expr","locations":[{"start":{"line":125,"column":25},"end":{"line":125,"column":63}},{"start":{"line":125,"column":66},"end":{"line":125,"column":71}}],"line":125},"7":{"loc":{"start":{"line":127,"column":4},"end":{"line":129,"column":5}},"type":"if","locations":[{"start":{"line":127,"column":4},"end":{"line":129,"column":5}},{"start":{},"end":{}}],"line":127},"8":{"loc":{"start":{"line":143,"column":4},"end":{"line":145,"column":5}},"type":"if","locations":[{"start":{"line":143,"column":4},"end":{"line":145,"column":5}},{"start":{},"end":{}}],"line":143},"9":{"loc":{"start":{"line":150,"column":4},"end":{"line":152,"column":5}},"type":"if","locations":[{"start":{"line":150,"column":4},"end":{"line":152,"column":5}},{"start":{},"end":{}}],"line":150},"10":{"loc":{"start":{"line":150,"column":8},"end":{"line":150,"column":32}},"type":"binary-expr","locations":[{"start":{"line":150,"column":8},"end":{"line":150,"column":13}},{"start":{"line":150,"column":17},"end":{"line":150,"column":32}}],"line":150},"11":{"loc":{"start":{"line":174,"column":4},"end":{"line":179,"column":5}},"type":"if","locations":[{"start":{"line":174,"column":4},"end":{"line":179,"column":5}},{"start":{},"end":{}}],"line":174},"12":{"loc":{"start":{"line":217,"column":4},"end":{"line":219,"column":5}},"type":"if","locations":[{"start":{"line":217,"column":4},"end":{"line":219,"column":5}},{"start":{},"end":{}}],"line":217},"13":{"loc":{"start":{"line":250,"column":4},"end":{"line":252,"column":5}},"type":"if","locations":[{"start":{"line":250,"column":4},"end":{"line":252,"column":5}},{"start":{},"end":{}}],"line":250}},"s":{"0":0,"1":0,"2":0,"3":0,"4":0,"5":0,"6":0,"7":0,"8":0,"9":0,"10":0,"11":0,"12":0,"13":0,"14":0,"15":0,"16":0,"17":0,"18":0,"19":0,"20":0,"21":0,"22":0,"23":0,"24":0,"25":0,"26":0,"27":0,"28":0,"29":0,"30":0,"31":0,"32":0,"33":0,"34":0,"35":0,"36":0,"37":0,"38":0,"39":0,"40":0,"41":0,"42":0,"43":0,"44":0,"45":0,"46":0,"47":0,"48":0,"49":0,"50":0,"51":0,"52":0,"53":0,"54":0,"55":0,"56":0,"57":0,"58":0,"59":0,"60":0,"61":0,"62":0,"63":0,"64":0,"65":0,"66":0,"67":0,"68":0,"69":0,"70":0,"71":0,"72":0,"73":0,"74":0,"75":0,"76":0,"77":0,"78":0,"79":0,"80":0,"81":0,"82":0,"83":0,"84":0,"85":0,"86":0,"87":0,"88":0,"89":0,"90":0,"91":0,"92":0,"93":0,"94":0,"95":0,"96":0,"97":0,"98":0,"99":0,"100":0,"101":0,"102":0,"103":0,"104":0,"105":0,"106":0,"107":0,"108":0},"f":{"0":0,"1":0,"2":0,"3":0,"4":0,"5":0,"6":0,"7":0,"8":0},"b":{"0":[0,0],"1":[0,0],"2":[0,0],"3":[0,0],"4":[0,0],"5":[0,0],"6":[0,0],"7":[0,0],"8":[0,0],"9":[0,0],"10":[0,0],"11":[0,0],"12":[0,0],"13":[0,0]}}
,"C:\\Users\\shrid\\Downloads\\moodlift-production\\moodlift\\backend\\src\\controllers\\mood.controller.js": {"path":"C:\\Users\\shrid\\Downloads\\moodlift-production\\moodlift\\backend\\src\\controllers\\mood.controller.js","statementMap":{"0":{"start":{"line":5,"column":17},"end":{"line":5,"column":36}},"1":{"start":{"line":6,"column":28},"end":{"line":6,"column":48}},"2":{"start":{"line":7,"column":51},"end":{"line":7,"column":77}},"3":{"start":{"line":8,"column":43},"end":{"line":8,"column":69}},"4":{"start":{"line":9,"column":22},"end":{"line":9,"column":51}},"5":{"start":{"line":11,"column":14},"end":{"line":11,"column":91}},"6":{"start":{"line":11,"column":26},"end":{"line":11,"column":90}},"7":{"start":{"line":13,"column":21},"end":{"line":16,"column":1}},"8":{"start":{"line":14,"column":14},"end":{"line":14,"column":24}},"9":{"start":{"line":15,"column":2},"end":{"line":15,"column":68}},"10":{"start":{"line":18,"column":19},"end":{"line":23,"column":1}},"11":{"start":{"line":19,"column":16},"end":{"line":19,"column":30}},"12":{"start":{"line":20,"column":14},"end":{"line":20,"column":29}},"13":{"start":{"line":21,"column":2},"end":{"line":21,"column":33}},"14":{"start":{"line":22,"column":2},"end":{"line":22,"column":13}},"15":{"start":{"line":28,"column":24},"end":{"line":65,"column":1}},"16":{"start":{"line":29,"column":2},"end":{"line":64,"column":3}},"17":{"start":{"line":30,"column":19},"end":{"line":30,"column":30}},"18":{"start":{"line":34,"column":8},"end":{"line":34,"column":16}},"19":{"start":{"line":36,"column":18},"end":{"line":49,"column":6}},"20":{"start":{"line":51,"column":4},"end":{"line":51,"column":31}},"21":{"start":{"line":52,"column":4},"end":{"line":52,"column":40}},"22":{"start":{"line":53,"column":4},"end":{"line":53,"column":49}},"23":{"start":{"line":54,"column":4},"end":{"line":54,"column":54}},"24":{"start":{"line":55,"column":4},"end":{"line":55,"column":51}},"25":{"start":{"line":57,"column":4},"end":{"line":61,"column":7}},"26":{"start":{"line":63,"column":4},"end":{"line":63,"column":16}},"27":{"start":{"line":70,"column":23},"end":{"line":121,"column":1}},"28":{"start":{"line":71,"column":2},"end":{"line":120,"column":3}},"29":{"start":{"line":72,"column":19},"end":{"line":72,"column":30}},"30":{"start":{"line":73,"column":59},"end":{"line":73,"column":68}},"31":{"start":{"line":74,"column":23},"end":{"line":74,"column":41}},"32":{"start":{"line":75,"column":24},"end":{"line":75,"column":43}},"33":{"start":{"line":76,"column":19},"end":{"line":76,"column":49}},"34":{"start":{"line":78,"column":21},"end":{"line":78,"column":96}},"35":{"start":{"line":79,"column":19},"end":{"line":79,"column":43}},"36":{"start":{"line":80,"column":4},"end":{"line":82,"column":5}},"37":{"start":{"line":81,"column":6},"end":{"line":81,"column":69}},"38":{"start":{"line":84,"column":19},"end":{"line":84,"column":38}},"39":{"start":{"line":86,"column":4},"end":{"line":90,"column":5}},"40":{"start":{"line":87,"column":6},"end":{"line":87,"column":32}},"41":{"start":{"line":88,"column":6},"end":{"line":88,"column":59}},"42":{"start":{"line":88,"column":16},"end":{"line":88,"column":59}},"43":{"start":{"line":89,"column":6},"end":{"line":89,"column":55}},"44":{"start":{"line":89,"column":14},"end":{"line":89,"column":55}},"45":{"start":{"line":92,"column":4},"end":{"line":94,"column":5}},"46":{"start":{"line":93,"column":6},"end":{"line":93,"column":51}},"47":{"start":{"line":96,"column":29},"end":{"line":103,"column":6}},"48":{"start":{"line":105,"column":17},"end":{"line":113,"column":5}},"49":{"start":{"line":115,"column":4},"end":{"line":115,"column":40}},"50":{"start":{"line":117,"column":4},"end":{"line":117,"column":38}},"51":{"start":{"line":119,"column":4},"end":{"line":119,"column":16}},"52":{"start":{"line":126,"column":21},"end":{"line":142,"column":1}},"53":{"start":{"line":127,"column":2},"end":{"line":141,"column":3}},"54":{"start":{"line":128,"column":18},"end":{"line":136,"column":13}},"55":{"start":{"line":138,"column":4},"end":{"line":138,"column":67}},"56":{"start":{"line":140,"column":4},"end":{"line":140,"column":16}},"57":{"start":{"line":147,"column":21},"end":{"line":162,"column":1}},"58":{"start":{"line":148,"column":2},"end":{"line":161,"column":3}},"59":{"start":{"line":149,"column":18},"end":{"line":152,"column":13}},"60":{"start":{"line":154,"column":4},"end":{"line":156,"column":5}},"61":{"start":{"line":155,"column":6},"end":{"line":155,"column":44}},"62":{"start":{"line":158,"column":4},"end":{"line":158,"column":67}},"63":{"start":{"line":160,"column":4},"end":{"line":160,"column":16}},"64":{"start":{"line":167,"column":24},"end":{"line":218,"column":1}},"65":{"start":{"line":168,"column":2},"end":{"line":217,"column":3}},"66":{"start":{"line":169,"column":19},"end":{"line":181,"column":5}},"67":{"start":{"line":183,"column":20},"end":{"line":183,"column":22}},"68":{"start":{"line":184,"column":4},"end":{"line":188,"column":7}},"69":{"start":{"line":185,"column":6},"end":{"line":187,"column":7}},"70":{"start":{"line":186,"column":8},"end":{"line":186,"column":41}},"71":{"start":{"line":190,"column":4},"end":{"line":192,"column":5}},"72":{"start":{"line":191,"column":6},"end":{"line":191,"column":61}},"73":{"start":{"line":194,"column":18},"end":{"line":204,"column":12}},"74":{"start":{"line":206,"column":4},"end":{"line":208,"column":5}},"75":{"start":{"line":207,"column":6},"end":{"line":207,"column":44}},"76":{"start":{"line":210,"column":4},"end":{"line":210,"column":54}},"77":{"start":{"line":211,"column":4},"end":{"line":211,"column":59}},"78":{"start":{"line":212,"column":4},"end":{"line":212,"column":56}},"79":{"start":{"line":214,"column":4},"end":{"line":214,"column":67}},"80":{"start":{"line":216,"column":4},"end":{"line":216,"column":16}},"81":{"start":{"line":223,"column":24},"end":{"line":242,"column":1}},"82":{"start":{"line":224,"column":2},"end":{"line":241,"column":3}},"83":{"start":{"line":225,"column":18},"end":{"line":228,"column":13}},"84":{"start":{"line":230,"column":4},"end":{"line":232,"column":5}},"85":{"start":{"line":231,"column":6},"end":{"line":231,"column":44}},"86":{"start":{"line":234,"column":4},"end":{"line":234,"column":54}},"87":{"start":{"line":235,"column":4},"end":{"line":235,"column":59}},"88":{"start":{"line":236,"column":4},"end":{"line":236,"column":56}},"89":{"start":{"line":238,"column":4},"end":{"line":238,"column":63}},"90":{"start":{"line":240,"column":4},"end":{"line":240,"column":16}},"91":{"start":{"line":247,"column":21},"end":{"line":347,"column":1}},"92":{"start":{"line":248,"column":2},"end":{"line":346,"column":3}},"93":{"start":{"line":249,"column":19},"end":{"line":249,"column":30}},"94":{"start":{"line":250,"column":30},"end":{"line":250,"column":39}},"95":{"start":{"line":252,"column":21},"end":{"line":252,"column":53}},"96":{"start":{"line":253,"column":19},"end":{"line":253,"column":43}},"97":{"start":{"line":254,"column":4},"end":{"line":256,"column":5}},"98":{"start":{"line":255,"column":6},"end":{"line":255,"column":69}},"99":{"start":{"line":258,"column":17},"end":{"line":258,"column":37}},"100":{"start":{"line":259,"column":22},"end":{"line":259,"column":32}},"101":{"start":{"line":260,"column":4},"end":{"line":260,"column":50}},"102":{"start":{"line":261,"column":25},"end":{"line":261,"column":60}},"103":{"start":{"line":262,"column":22},"end":{"line":265,"column":5}},"104":{"start":{"line":267,"column":65},"end":{"line":306,"column":6}},"105":{"start":{"line":308,"column":20},"end":{"line":322,"column":5}},"106":{"start":{"line":324,"column":17},"end":{"line":339,"column":5}},"107":{"start":{"line":326,"column":51},"end":{"line":329,"column":7}},"108":{"start":{"line":330,"column":37},"end":{"line":333,"column":7}},"109":{"start":{"line":334,"column":48},"end":{"line":337,"column":7}},"110":{"start":{"line":341,"column":4},"end":{"line":341,"column":40}},"111":{"start":{"line":343,"column":4},"end":{"line":343,"column":38}},"112":{"start":{"line":345,"column":4},"end":{"line":345,"column":16}},"113":{"start":{"line":349,"column":21},"end":{"line":377,"column":1}},"114":{"start":{"line":350,"column":15},"end":{"line":350,"column":42}},"115":{"start":{"line":351,"column":2},"end":{"line":353,"column":3}},"116":{"start":{"line":352,"column":4},"end":{"line":352,"column":11}},"117":{"start":{"line":355,"column":16},"end":{"line":355,"column":30}},"118":{"start":{"line":356,"column":22},"end":{"line":356,"column":78}},"119":{"start":{"line":357,"column":27},"end":{"line":359,"column":10}},"120":{"start":{"line":361,"column":18},"end":{"line":361,"column":19}},"121":{"start":{"line":363,"column":2},"end":{"line":371,"column":3}},"122":{"start":{"line":364,"column":21},"end":{"line":364,"column":83}},"123":{"start":{"line":366,"column":4},"end":{"line":370,"column":5}},"124":{"start":{"line":367,"column":6},"end":{"line":367,"column":36}},"125":{"start":{"line":368,"column":11},"end":{"line":370,"column":5}},"126":{"start":{"line":369,"column":6},"end":{"line":369,"column":40}},"127":{"start":{"line":373,"column":2},"end":{"line":373,"column":32}},"128":{"start":{"line":374,"column":2},"end":{"line":374,"column":70}},"129":{"start":{"line":375,"column":2},"end":{"line":375,"column":34}},"130":{"start":{"line":376,"column":2},"end":{"line":376,"column":20}},"131":{"start":{"line":379,"column":30},"end":{"line":381,"column":1}},"132":{"start":{"line":383,"column":0},"end":{"line":391,"column":2}}},"fnMap":{"0":{"name":"(anonymous_0)","decl":{"start":{"line":11,"column":14},"end":{"line":11,"column":15}},"loc":{"start":{"line":11,"column":26},"end":{"line":11,"column":90}},"line":11},"1":{"name":"(anonymous_1)","decl":{"start":{"line":13,"column":21},"end":{"line":13,"column":22}},"loc":{"start":{"line":13,"column":27},"end":{"line":16,"column":1}},"line":13},"2":{"name":"(anonymous_2)","decl":{"start":{"line":18,"column":19},"end":{"line":18,"column":20}},"loc":{"start":{"line":18,"column":25},"end":{"line":23,"column":1}},"line":18},"3":{"name":"(anonymous_3)","decl":{"start":{"line":28,"column":24},"end":{"line":28,"column":25}},"loc":{"start":{"line":28,"column":50},"end":{"line":65,"column":1}},"line":28},"4":{"name":"(anonymous_4)","decl":{"start":{"line":70,"column":23},"end":{"line":70,"column":24}},"loc":{"start":{"line":70,"column":49},"end":{"line":121,"column":1}},"line":70},"5":{"name":"(anonymous_5)","decl":{"start":{"line":126,"column":21},"end":{"line":126,"column":22}},"loc":{"start":{"line":126,"column":47},"end":{"line":142,"column":1}},"line":126},"6":{"name":"(anonymous_6)","decl":{"start":{"line":147,"column":21},"end":{"line":147,"column":22}},"loc":{"start":{"line":147,"column":47},"end":{"line":162,"column":1}},"line":147},"7":{"name":"(anonymous_7)","decl":{"start":{"line":167,"column":24},"end":{"line":167,"column":25}},"loc":{"start":{"line":167,"column":50},"end":{"line":218,"column":1}},"line":167},"8":{"name":"(anonymous_8)","decl":{"start":{"line":184,"column":19},"end":{"line":184,"column":20}},"loc":{"start":{"line":184,"column":30},"end":{"line":188,"column":5}},"line":184},"9":{"name":"(anonymous_9)","decl":{"start":{"line":223,"column":24},"end":{"line":223,"column":25}},"loc":{"start":{"line":223,"column":50},"end":{"line":242,"column":1}},"line":223},"10":{"name":"(anonymous_10)","decl":{"start":{"line":247,"column":21},"end":{"line":247,"column":22}},"loc":{"start":{"line":247,"column":47},"end":{"line":347,"column":1}},"line":247},"11":{"name":"(anonymous_11)","decl":{"start":{"line":326,"column":40},"end":{"line":326,"column":41}},"loc":{"start":{"line":326,"column":51},"end":{"line":329,"column":7}},"line":326},"12":{"name":"(anonymous_12)","decl":{"start":{"line":330,"column":26},"end":{"line":330,"column":27}},"loc":{"start":{"line":330,"column":37},"end":{"line":333,"column":7}},"line":330},"13":{"name":"(anonymous_13)","decl":{"start":{"line":334,"column":37},"end":{"line":334,"column":38}},"loc":{"start":{"line":334,"column":48},"end":{"line":337,"column":7}},"line":334},"14":{"name":"(anonymous_14)","decl":{"start":{"line":349,"column":21},"end":{"line":349,"column":22}},"loc":{"start":{"line":349,"column":39},"end":{"line":377,"column":1}},"line":349},"15":{"name":"(anonymous_15)","decl":{"start":{"line":379,"column":30},"end":{"line":379,"column":31}},"loc":{"start":{"line":379,"column":42},"end":{"line":381,"column":1}},"line":379}},"branchMap":{"0":{"loc":{"start":{"line":11,"column":26},"end":{"line":11,"column":90}},"type":"cond-expr","locations":[{"start":{"line":11,"column":54},"end":{"line":11,"column":83}},{"start":{"line":11,"column":86},"end":{"line":11,"column":90}}],"line":11},"1":{"loc":{"start":{"line":44,"column":18},"end":{"line":44,"column":34}},"type":"binary-expr","locations":[{"start":{"line":44,"column":18},"end":{"line":44,"column":28}},{"start":{"line":44,"column":32},"end":{"line":44,"column":34}}],"line":44},"2":{"loc":{"start":{"line":45,"column":16},"end":{"line":45,"column":30}},"type":"binary-expr","locations":[{"start":{"line":45,"column":16},"end":{"line":45,"column":24}},{"start":{"line":45,"column":28},"end":{"line":45,"column":30}}],"line":45},"3":{"loc":{"start":{"line":73,"column":12},"end":{"line":73,"column":20}},"type":"default-arg","locations":[{"start":{"line":73,"column":19},"end":{"line":73,"column":20}}],"line":73},"4":{"loc":{"start":{"line":73,"column":22},"end":{"line":73,"column":32}},"type":"default-arg","locations":[{"start":{"line":73,"column":30},"end":{"line":73,"column":32}}],"line":73},"5":{"loc":{"start":{"line":78,"column":78},"end":{"line":78,"column":94}},"type":"binary-expr","locations":[{"start":{"line":78,"column":78},"end":{"line":78,"column":88}},{"start":{"line":78,"column":92},"end":{"line":78,"column":94}}],"line":78},"6":{"loc":{"start":{"line":80,"column":4},"end":{"line":82,"column":5}},"type":"if","locations":[{"start":{"line":80,"column":4},"end":{"line":82,"column":5}},{"start":{},"end":{}}],"line":80},"7":{"loc":{"start":{"line":86,"column":4},"end":{"line":90,"column":5}},"type":"if","locations":[{"start":{"line":86,"column":4},"end":{"line":90,"column":5}},{"start":{},"end":{}}],"line":86},"8":{"loc":{"start":{"line":86,"column":8},"end":{"line":86,"column":18}},"type":"binary-expr","locations":[{"start":{"line":86,"column":8},"end":{"line":86,"column":12}},{"start":{"line":86,"column":16},"end":{"line":86,"column":18}}],"line":86},"9":{"loc":{"start":{"line":88,"column":6},"end":{"line":88,"column":59}},"type":"if","locations":[{"start":{"line":88,"column":6},"end":{"line":88,"column":59}},{"start":{},"end":{}}],"line":88},"10":{"loc":{"start":{"line":89,"column":6},"end":{"line":89,"column":55}},"type":"if","locations":[{"start":{"line":89,"column":6},"end":{"line":89,"column":55}},{"start":{},"end":{}}],"line":89},"11":{"loc":{"start":{"line":92,"column":4},"end":{"line":94,"column":5}},"type":"if","locations":[{"start":{"line":92,"column":4},"end":{"line":94,"column":5}},{"start":{},"end":{}}],"line":92},"12":{"loc":{"start":{"line":154,"column":4},"end":{"line":156,"column":5}},"type":"if","locations":[{"start":{"line":154,"column":4},"end":{"line":156,"column":5}},{"start":{},"end":{}}],"line":154},"13":{"loc":{"start":{"line":185,"column":6},"end":{"line":187,"column":7}},"type":"if","locations":[{"start":{"line":185,"column":6},"end":{"line":187,"column":7}},{"start":{},"end":{}}],"line":185},"14":{"loc":{"start":{"line":190,"column":4},"end":{"line":192,"column":5}},"type":"if","locations":[{"start":{"line":190,"column":4},"end":{"line":192,"column":5}},{"start":{},"end":{}}],"line":190},"15":{"loc":{"start":{"line":206,"column":4},"end":{"line":208,"column":5}},"type":"if","locations":[{"start":{"line":206,"column":4},"end":{"line":208,"column":5}},{"start":{},"end":{}}],"line":206},"16":{"loc":{"start":{"line":230,"column":4},"end":{"line":232,"column":5}},"type":"if","locations":[{"start":{"line":230,"column":4},"end":{"line":232,"column":5}},{"start":{},"end":{}}],"line":230},"17":{"loc":{"start":{"line":250,"column":12},"end":{"line":250,"column":25}},"type":"default-arg","locations":[{"start":{"line":250,"column":21},"end":{"line":250,"column":25}}],"line":250},"18":{"loc":{"start":{"line":254,"column":4},"end":{"line":256,"column":5}},"type":"if","locations":[{"start":{"line":254,"column":4},"end":{"line":256,"column":5}},{"start":{},"end":{}}],"line":254},"19":{"loc":{"start":{"line":308,"column":20},"end":{"line":322,"column":5}},"type":"cond-expr","locations":[{"start":{"line":308,"column":36},"end":{"line":315,"column":5}},{"start":{"line":315,"column":8},"end":{"line":322,"column":5}}],"line":308},"20":{"loc":{"start":{"line":310,"column":16},"end":{"line":310,"column":46}},"type":"binary-expr","locations":[{"start":{"line":310,"column":16},"end":{"line":310,"column":38}},{"start":{"line":310,"column":42},"end":{"line":310,"column":46}}],"line":310},"21":{"loc":{"start":{"line":311,"column":16},"end":{"line":311,"column":46}},"type":"binary-expr","locations":[{"start":{"line":311,"column":16},"end":{"line":311,"column":38}},{"start":{"line":311,"column":42},"end":{"line":311,"column":46}}],"line":311},"22":{"loc":{"start":{"line":314,"column":21},"end":{"line":314,"column":53}},"type":"binary-expr","locations":[{"start":{"line":314,"column":21},"end":{"line":314,"column":48}},{"start":{"line":314,"column":52},"end":{"line":314,"column":53}}],"line":314},"23":{"loc":{"start":{"line":351,"column":2},"end":{"line":353,"column":3}},"type":"if","locations":[{"start":{"line":351,"column":2},"end":{"line":353,"column":3}},{"start":{},"end":{}}],"line":351},"24":{"loc":{"start":{"line":356,"column":22},"end":{"line":356,"column":78}},"type":"cond-expr","locations":[{"start":{"line":356,"column":43},"end":{"line":356,"column":71}},{"start":{"line":356,"column":74},"end":{"line":356,"column":78}}],"line":356},"25":{"loc":{"start":{"line":357,"column":27},"end":{"line":359,"column":10}},"type":"cond-expr","locations":[{"start":{"line":358,"column":6},"end":{"line":358,"column":88}},{"start":{"line":359,"column":6},"end":{"line":359,"column":10}}],"line":357},"26":{"loc":{"start":{"line":363,"column":2},"end":{"line":371,"column":3}},"type":"if","locations":[{"start":{"line":363,"column":2},"end":{"line":371,"column":3}},{"start":{},"end":{}}],"line":363},"27":{"loc":{"start":{"line":366,"column":4},"end":{"line":370,"column":5}},"type":"if","locations":[{"start":{"line":366,"column":4},"end":{"line":370,"column":5}},{"start":{"line":368,"column":11},"end":{"line":370,"column":5}}],"line":366},"28":{"loc":{"start":{"line":368,"column":11},"end":{"line":370,"column":5}},"type":"if","locations":[{"start":{"line":368,"column":11},"end":{"line":370,"column":5}},{"start":{},"end":{}}],"line":368},"29":{"loc":{"start":{"line":374,"column":44},"end":{"line":374,"column":68}},"type":"binary-expr","locations":[{"start":{"line":374,"column":44},"end":{"line":374,"column":63}},{"start":{"line":374,"column":67},"end":{"line":374,"column":68}}],"line":374}},"s":{"0":0,"1":0,"2":0,"3":0,"4":0,"5":0,"6":0,"7":0,"8":0,"9":0,"10":0,"11":0,"12":0,"13":0,"14":0,"15":0,"16":0,"17":0,"18":0,"19":0,"20":0,"21":0,"22":0,"23":0,"24":0,"25":0,"26":0,"27":0,"28":0,"29":0,"30":0,"31":0,"32":0,"33":0,"34":0,"35":0,"36":0,"37":0,"38":0,"39":0,"40":0,"41":0,"42":0,"43":0,"44":0,"45":0,"46":0,"47":0,"48":0,"49":0,"50":0,"51":0,"52":0,"53":0,"54":0,"55":0,"56":0,"57":0,"58":0,"59":0,"60":0,"61":0,"62":0,"63":0,"64":0,"65":0,"66":0,"67":0,"68":0,"69":0,"70":0,"71":0,"72":0,"73":0,"74":0,"75":0,"76":0,"77":0,"78":0,"79":0,"80":0,"81":0,"82":0,"83":0,"84":0,"85":0,"86":0,"87":0,"88":0,"89":0,"90":0,"91":0,"92":0,"93":0,"94":0,"95":0,"96":0,"97":0,"98":0,"99":0,"100":0,"101":0,"102":0,"103":0,"104":0,"105":0,"106":0,"107":0,"108":0,"109":0,"110":0,"111":0,"112":0,"113":0,"114":0,"115":0,"116":0,"117":0,"118":0,"119":0,"120":0,"121":0,"122":0,"123":0,"124":0,"125":0,"126":0,"127":0,"128":0,"129":0,"130":0,"131":0,"132":0},"f":{"0":0,"1":0,"2":0,"3":0,"4":0,"5":0,"6":0,"7":0,"8":0,"9":0,"10":0,"11":0,"12":0,"13":0,"14":0,"15":0},"b":{"0":[0,0],"1":[0,0],"2":[0,0],"3":[0],"4":[0],"5":[0,0],"6":[0,0],"7":[0,0],"8":[0,0],"9":[0,0],"10":[0,0],"11":[0,0],"12":[0,0],"13":[0,0],"14":[0,0],"15":[0,0],"16":[0,0],"17":[0],"18":[0,0],"19":[0,0],"20":[0,0],"21":[0,0],"22":[0,0],"23":[0,0],"24":[0,0],"25":[0,0],"26":[0,0],"27":[0,0],"28":[0,0],"29":[0,0]}}
,"C:\\Users\\shrid\\Downloads\\moodlift-production\\moodlift\\backend\\src\\middleware\\auth.middleware.js": {"path":"C:\\Users\\shrid\\Downloads\\moodlift-production\\moodlift\\backend\\src\\middleware\\auth.middleware.js","statementMap":{"0":{"start":{"line":5,"column":30},"end":{"line":5,"column":53}},"1":{"start":{"line":6,"column":31},"end":{"line":6,"column":57}},"2":{"start":{"line":7,"column":17},"end":{"line":7,"column":37}},"3":{"start":{"line":8,"column":52},"end":{"line":8,"column":78}},"4":{"start":{"line":9,"column":22},"end":{"line":9,"column":51}},"5":{"start":{"line":14,"column":21},"end":{"line":45,"column":1}},"6":{"start":{"line":15,"column":2},"end":{"line":44,"column":3}},"7":{"start":{"line":16,"column":23},"end":{"line":16,"column":48}},"8":{"start":{"line":17,"column":4},"end":{"line":19,"column":5}},"9":{"start":{"line":18,"column":6},"end":{"line":18,"column":57}},"10":{"start":{"line":21,"column":18},"end":{"line":21,"column":42}},"11":{"start":{"line":23,"column":24},"end":{"line":23,"column":55}},"12":{"start":{"line":24,"column":4},"end":{"line":26,"column":5}},"13":{"start":{"line":25,"column":6},"end":{"line":25,"column":62}},"14":{"start":{"line":28,"column":20},"end":{"line":28,"column":44}},"15":{"start":{"line":29,"column":17},"end":{"line":29,"column":55}},"16":{"start":{"line":31,"column":4},"end":{"line":33,"column":5}},"17":{"start":{"line":32,"column":6},"end":{"line":32,"column":54}},"18":{"start":{"line":35,"column":4},"end":{"line":37,"column":5}},"19":{"start":{"line":36,"column":6},"end":{"line":36,"column":62}},"20":{"start":{"line":39,"column":4},"end":{"line":39,"column":31}},"21":{"start":{"line":40,"column":4},"end":{"line":40,"column":22}},"22":{"start":{"line":41,"column":4},"end":{"line":41,"column":11}},"23":{"start":{"line":43,"column":4},"end":{"line":43,"column":16}},"24":{"start":{"line":50,"column":21},"end":{"line":72,"column":1}},"25":{"start":{"line":51,"column":2},"end":{"line":69,"column":3}},"26":{"start":{"line":52,"column":23},"end":{"line":52,"column":48}},"27":{"start":{"line":53,"column":4},"end":{"line":55,"column":5}},"28":{"start":{"line":54,"column":6},"end":{"line":54,"column":20}},"29":{"start":{"line":57,"column":18},"end":{"line":57,"column":42}},"30":{"start":{"line":58,"column":20},"end":{"line":58,"column":44}},"31":{"start":{"line":59,"column":17},"end":{"line":62,"column":13}},"32":{"start":{"line":64,"column":4},"end":{"line":66,"column":5}},"33":{"start":{"line":65,"column":6},"end":{"line":65,"column":33}},"34":{"start":{"line":71,"column":2},"end":{"line":71,"column":9}},"35":{"start":{"line":77,"column":23},"end":{"line":83,"column":1}},"36":{"start":{"line":78,"column":2},"end":{"line":80,"column":3}},"37":{"start":{"line":79,"column":4},"end":{"line":79,"column":73}},"38":{"start":{"line":82,"column":2},"end":{"line":82,"column":9}},"39":{"start":{"line":88,"column":24},"end":{"line":94,"column":1}},"40":{"start":{"line":89,"column":2},"end":{"line":91,"column":3}},"41":{"start":{"line":90,"column":4},"end":{"line":90,"column":71}},"42":{"start":{"line":93,"column":2},"end":{"line":93,"column":9}},"43":{"start":{"line":96,"column":0},"end":{"line":101,"column":2}}},"fnMap":{"0":{"name":"(anonymous_0)","decl":{"start":{"line":14,"column":21},"end":{"line":14,"column":22}},"loc":{"start":{"line":14,"column":47},"end":{"line":45,"column":1}},"line":14},"1":{"name":"(anonymous_1)","decl":{"start":{"line":50,"column":21},"end":{"line":50,"column":22}},"loc":{"start":{"line":50,"column":47},"end":{"line":72,"column":1}},"line":50},"2":{"name":"(anonymous_2)","decl":{"start":{"line":77,"column":23},"end":{"line":77,"column":24}},"loc":{"start":{"line":77,"column":43},"end":{"line":83,"column":1}},"line":77},"3":{"name":"(anonymous_3)","decl":{"start":{"line":88,"column":24},"end":{"line":88,"column":25}},"loc":{"start":{"line":88,"column":44},"end":{"line":94,"column":1}},"line":88}},"branchMap":{"0":{"loc":{"start":{"line":17,"column":4},"end":{"line":19,"column":5}},"type":"if","locations":[{"start":{"line":17,"column":4},"end":{"line":19,"column":5}},{"start":{},"end":{}}],"line":17},"1":{"loc":{"start":{"line":17,"column":8},"end":{"line":17,"column":56}},"type":"binary-expr","locations":[{"start":{"line":17,"column":8},"end":{"line":17,"column":19}},{"start":{"line":17,"column":23},"end":{"line":17,"column":56}}],"line":17},"2":{"loc":{"start":{"line":24,"column":4},"end":{"line":26,"column":5}},"type":"if","locations":[{"start":{"line":24,"column":4},"end":{"line":26,"column":5}},{"start":{},"end":{}}],"line":24},"3":{"loc":{"start":{"line":31,"column":4},"end":{"line":33,"column":5}},"type":"if","locations":[{"start":{"line":31,"column":4},"end":{"line":33,"column":5}},{"start":{},"end":{}}],"line":31},"4":{"loc":{"start":{"line":35,"column":4},"end":{"line":37,"column":5}},"type":"if","locations":[{"start":{"line":35,"column":4},"end":{"line":37,"column":5}},{"start":{},"end":{}}],"line":35},"5":{"loc":{"start":{"line":53,"column":4},"end":{"line":55,"column":5}},"type":"if","locations":[{"start":{"line":53,"column":4},"end":{"line":55,"column":5}},{"start":{},"end":{}}],"line":53},"6":{"loc":{"start":{"line":53,"column":8},"end":{"line":53,"column":56}},"type":"binary-expr","locations":[{"start":{"line":53,"column":8},"end":{"line":53,"column":19}},{"start":{"line":53,"column":23},"end":{"line":53,"column":56}}],"line":53},"7":{"loc":{"start":{"line":64,"column":4},"end":{"line":66,"column":5}},"type":"if","locations":[{"start":{"line":64,"column":4},"end":{"line":66,"column":5}},{"start":{},"end":{}}],"line":64},"8":{"loc":{"start":{"line":78,"column":2},"end":{"line":80,"column":3}},"type":"if","locations":[{"start":{"line":78,"column":2},"end":{"line":80,"column":3}},{"start":{},"end":{}}],"line":78},"9":{"loc":{"start":{"line":89,"column":2},"end":{"line":91,"column":3}},"type":"if","locations":[{"start":{"line":89,"column":2},"end":{"line":91,"column":3}},{"start":{},"end":{}}],"line":89}},"s":{"0":0,"1":0,"2":0,"3":0,"4":0,"5":0,"6":0,"7":0,"8":0,"9":0,"10":0,"11":0,"12":0,"13":0,"14":0,"15":0,"16":0,"17":0,"18":0,"19":0,"20":0,"21":0,"22":0,"23":0,"24":0,"25":0,"26":0,"27":0,"28":0,"29":0,"30":0,"31":0,"32":0,"33":0,"34":0,"35":0,"36":0,"37":0,"38":0,"39":0,"40":0,"41":0,"42":0,"43":0},"f":{"0":0,"1":0,"2":0,"3":0},"b":{"0":[0,0],"1":[0,0],"2":[0,0],"3":[0,0],"4":[0,0],"5":[0,0],"6":[0,0],"7":[0,0],"8":[0,0],"9":[0,0]}}
,"C:\\Users\\shrid\\Downloads\\moodlift-production\\moodlift\\backend\\src\\middleware\\errorHandler.js": {"path":"C:\\Users\\shrid\\Downloads\\moodlift-production\\moodlift\\backend\\src\\middleware\\errorHandler.js","statementMap":{"0":{"start":{"line":5,"column":19},"end":{"line":5,"column":45}},"1":{"start":{"line":7,"column":21},"end":{"line":79,"column":1}},"2":{"start":{"line":9,"column":19},"end":{"line":9,"column":40}},"3":{"start":{"line":10,"column":13},"end":{"line":10,"column":41}},"4":{"start":{"line":11,"column":16},"end":{"line":11,"column":61}},"5":{"start":{"line":12,"column":16},"end":{"line":12,"column":35}},"6":{"start":{"line":15,"column":2},"end":{"line":29,"column":3}},"7":{"start":{"line":16,"column":4},"end":{"line":16,"column":21}},"8":{"start":{"line":17,"column":4},"end":{"line":17,"column":22}},"9":{"start":{"line":18,"column":4},"end":{"line":18,"column":40}},"10":{"start":{"line":19,"column":18},"end":{"line":19,"column":54}},"11":{"start":{"line":20,"column":4},"end":{"line":20,"column":54}},"12":{"start":{"line":20,"column":15},"end":{"line":20,"column":54}},"13":{"start":{"line":21,"column":9},"end":{"line":29,"column":3}},"14":{"start":{"line":22,"column":4},"end":{"line":22,"column":21}},"15":{"start":{"line":23,"column":4},"end":{"line":23,"column":28}},"16":{"start":{"line":24,"column":4},"end":{"line":24,"column":50}},"17":{"start":{"line":25,"column":9},"end":{"line":29,"column":3}},"18":{"start":{"line":26,"column":4},"end":{"line":26,"column":21}},"19":{"start":{"line":27,"column":4},"end":{"line":27,"column":30}},"20":{"start":{"line":28,"column":4},"end":{"line":28,"column":75}},"21":{"start":{"line":32,"column":2},"end":{"line":40,"column":3}},"22":{"start":{"line":33,"column":4},"end":{"line":33,"column":21}},"23":{"start":{"line":34,"column":4},"end":{"line":34,"column":27}},"24":{"start":{"line":35,"column":4},"end":{"line":35,"column":45}},"25":{"start":{"line":36,"column":9},"end":{"line":40,"column":3}},"26":{"start":{"line":37,"column":4},"end":{"line":37,"column":21}},"27":{"start":{"line":38,"column":4},"end":{"line":38,"column":27}},"28":{"start":{"line":39,"column":4},"end":{"line":39,"column":49}},"29":{"start":{"line":43,"column":2},"end":{"line":60,"column":3}},"30":{"start":{"line":44,"column":4},"end":{"line":51,"column":7}},"31":{"start":{"line":53,"column":4},"end":{"line":59,"column":7}},"32":{"start":{"line":63,"column":2},"end":{"line":66,"column":3}},"33":{"start":{"line":64,"column":4},"end":{"line":64,"column":70}},"34":{"start":{"line":65,"column":4},"end":{"line":65,"column":19}},"35":{"start":{"line":68,"column":2},"end":{"line":78,"column":5}},"36":{"start":{"line":81,"column":0},"end":{"line":81,"column":30}}},"fnMap":{"0":{"name":"(anonymous_0)","decl":{"start":{"line":7,"column":21},"end":{"line":7,"column":22}},"loc":{"start":{"line":7,"column":46},"end":{"line":79,"column":1}},"line":7}},"branchMap":{"0":{"loc":{"start":{"line":9,"column":19},"end":{"line":9,"column":40}},"type":"binary-expr","locations":[{"start":{"line":9,"column":19},"end":{"line":9,"column":33}},{"start":{"line":9,"column":37},"end":{"line":9,"column":40}}],"line":9},"1":{"loc":{"start":{"line":10,"column":13},"end":{"line":10,"column":41}},"type":"binary-expr","locations":[{"start":{"line":10,"column":13},"end":{"line":10,"column":21}},{"start":{"line":10,"column":25},"end":{"line":10,"column":41}}],"line":10},"2":{"loc":{"start":{"line":11,"column":16},"end":{"line":11,"column":61}},"type":"binary-expr","locations":[{"start":{"line":11,"column":16},"end":{"line":11,"column":27}},{"start":{"line":11,"column":31},"end":{"line":11,"column":61}}],"line":11},"3":{"loc":{"start":{"line":12,"column":16},"end":{"line":12,"column":35}},"type":"binary-expr","locations":[{"start":{"line":12,"column":16},"end":{"line":12,"column":27}},{"start":{"line":12,"column":31},"end":{"line":12,"column":35}}],"line":12},"4":{"loc":{"start":{"line":15,"column":2},"end":{"line":29,"column":3}},"type":"if","locations":[{"start":{"line":15,"column":2},"end":{"line":29,"column":3}},{"start":{"line":21,"column":9},"end":{"line":29,"column":3}}],"line":15},"5":{"loc":{"start":{"line":19,"column":30},"end":{"line":19,"column":50}},"type":"binary-expr","locations":[{"start":{"line":19,"column":30},"end":{"line":19,"column":44}},{"start":{"line":19,"column":48},"end":{"line":19,"column":50}}],"line":19},"6":{"loc":{"start":{"line":20,"column":4},"end":{"line":20,"column":54}},"type":"if","locations":[{"start":{"line":20,"column":4},"end":{"line":20,"column":54}},{"start":{},"end":{}}],"line":20},"7":{"loc":{"start":{"line":21,"column":9},"end":{"line":29,"column":3}},"type":"if","locations":[{"start":{"line":21,"column":9},"end":{"line":29,"column":3}},{"start":{"line":25,"column":9},"end":{"line":29,"column":3}}],"line":21},"8":{"loc":{"start":{"line":21,"column":13},"end":{"line":21,"column":65}},"type":"binary-expr","locations":[{"start":{"line":21,"column":13},"end":{"line":21,"column":37}},{"start":{"line":21,"column":41},"end":{"line":21,"column":65}}],"line":21},"9":{"loc":{"start":{"line":25,"column":9},"end":{"line":29,"column":3}},"type":"if","locations":[{"start":{"line":25,"column":9},"end":{"line":29,"column":3}},{"start":{},"end":{}}],"line":25},"10":{"loc":{"start":{"line":25,"column":13},"end":{"line":25,"column":57}},"type":"binary-expr","locations":[{"start":{"line":25,"column":13},"end":{"line":25,"column":43}},{"start":{"line":25,"column":47},"end":{"line":25,"column":57}}],"line":25},"11":{"loc":{"start":{"line":28,"column":14},"end":{"line":28,"column":74}},"type":"binary-expr","locations":[{"start":{"line":28,"column":14},"end":{"line":28,"column":51}},{"start":{"line":28,"column":55},"end":{"line":28,"column":74}}],"line":28},"12":{"loc":{"start":{"line":32,"column":2},"end":{"line":40,"column":3}},"type":"if","locations":[{"start":{"line":32,"column":2},"end":{"line":40,"column":3}},{"start":{"line":36,"column":9},"end":{"line":40,"column":3}}],"line":32},"13":{"loc":{"start":{"line":36,"column":9},"end":{"line":40,"column":3}},"type":"if","locations":[{"start":{"line":36,"column":9},"end":{"line":40,"column":3}},{"start":{},"end":{}}],"line":36},"14":{"loc":{"start":{"line":43,"column":2},"end":{"line":60,"column":3}},"type":"if","locations":[{"start":{"line":43,"column":2},"end":{"line":60,"column":3}},{"start":{"line":52,"column":9},"end":{"line":60,"column":3}}],"line":43},"15":{"loc":{"start":{"line":63,"column":2},"end":{"line":66,"column":3}},"type":"if","locations":[{"start":{"line":63,"column":2},"end":{"line":66,"column":3}},{"start":{},"end":{}}],"line":63},"16":{"loc":{"start":{"line":63,"column":6},"end":{"line":63,"column":64}},"type":"binary-expr","locations":[{"start":{"line":63,"column":6},"end":{"line":63,"column":43}},{"start":{"line":63,"column":47},"end":{"line":63,"column":64}}],"line":63},"17":{"loc":{"start":{"line":73,"column":10},"end":{"line":73,"column":32}},"type":"binary-expr","locations":[{"start":{"line":73,"column":10},"end":{"line":73,"column":17}},{"start":{"line":73,"column":21},"end":{"line":73,"column":32}}],"line":73},"18":{"loc":{"start":{"line":74,"column":10},"end":{"line":74,"column":72}},"type":"binary-expr","locations":[{"start":{"line":74,"column":10},"end":{"line":74,"column":48}},{"start":{"line":74,"column":52},"end":{"line":74,"column":72}}],"line":74}},"s":{"0":0,"1":0,"2":0,"3":0,"4":0,"5":0,"6":0,"7":0,"8":0,"9":0,"10":0,"11":0,"12":0,"13":0,"14":0,"15":0,"16":0,"17":0,"18":0,"19":0,"20":0,"21":0,"22":0,"23":0,"24":0,"25":0,"26":0,"27":0,"28":0,"29":0,"30":0,"31":0,"32":0,"33":0,"34":0,"35":0,"36":0},"f":{"0":0},"b":{"0":[0,0],"1":[0,0],"2":[0,0],"3":[0,0],"4":[0,0],"5":[0,0],"6":[0,0],"7":[0,0],"8":[0,0],"9":[0,0],"10":[0,0],"11":[0,0],"12":[0,0],"13":[0,0],"14":[0,0],"15":[0,0],"16":[0,0],"17":[0,0],"18":[0,0]}}
,"C:\\Users\\shrid\\Downloads\\moodlift-production\\moodlift\\backend\\src\\middleware\\notFoundHandler.js": {"path":"C:\\Users\\shrid\\Downloads\\moodlift-production\\moodlift\\backend\\src\\middleware\\notFoundHandler.js","statementMap":{"0":{"start":{"line":1,"column":24},"end":{"line":10,"column":1}},"1":{"start":{"line":2,"column":2},"end":{"line":9,"column":5}},"2":{"start":{"line":12,"column":0},"end":{"line":12,"column":33}}},"fnMap":{"0":{"name":"(anonymous_0)","decl":{"start":{"line":1,"column":24},"end":{"line":1,"column":25}},"loc":{"start":{"line":1,"column":38},"end":{"line":10,"column":1}},"line":1}},"branchMap":{},"s":{"0":0,"1":0,"2":0},"f":{"0":0},"b":{}}
,"C:\\Users\\shrid\\Downloads\\moodlift-production\\moodlift\\backend\\src\\middleware\\validate.js": {"path":"C:\\Users\\shrid\\Downloads\\moodlift-production\\moodlift\\backend\\src\\middleware\\validate.js","statementMap":{"0":{"start":{"line":1,"column":29},"end":{"line":1,"column":57}},"1":{"start":{"line":2,"column":28},"end":{"line":2,"column":54}},"2":{"start":{"line":4,"column":17},"end":{"line":10,"column":1}},"3":{"start":{"line":5,"column":17},"end":{"line":5,"column":38}},"4":{"start":{"line":6,"column":2},"end":{"line":8,"column":3}},"5":{"start":{"line":7,"column":4},"end":{"line":7,"column":74}},"6":{"start":{"line":9,"column":2},"end":{"line":9,"column":9}},"7":{"start":{"line":12,"column":0},"end":{"line":12,"column":26}}},"fnMap":{"0":{"name":"(anonymous_0)","decl":{"start":{"line":4,"column":17},"end":{"line":4,"column":18}},"loc":{"start":{"line":4,"column":37},"end":{"line":10,"column":1}},"line":4}},"branchMap":{"0":{"loc":{"start":{"line":6,"column":2},"end":{"line":8,"column":3}},"type":"if","locations":[{"start":{"line":6,"column":2},"end":{"line":8,"column":3}},{"start":{},"end":{}}],"line":6}},"s":{"0":0,"1":0,"2":0,"3":0,"4":0,"5":0,"6":0,"7":0},"f":{"0":0},"b":{"0":[0,0]}}
,"C:\\Users\\shrid\\Downloads\\moodlift-production\\moodlift\\backend\\src\\models\\index.js": {"path":"C:\\Users\\shrid\\Downloads\\moodlift-production\\moodlift\\backend\\src\\models\\index.js","statementMap":{"0":{"start":{"line":1,"column":17},"end":{"line":1,"column":36}},"1":{"start":{"line":3,"column":19},"end":{"line":3,"column":27}},"2":{"start":{"line":5,"column":39},"end":{"line":10,"column":2}},"3":{"start":{"line":5,"column":46},"end":{"line":10,"column":1}},"4":{"start":{"line":12,"column":19},"end":{"line":38,"column":2}},"5":{"start":{"line":40,"column":24},"end":{"line":57,"column":2}},"6":{"start":{"line":59,"column":0},"end":{"line":59,"column":57}},"7":{"start":{"line":61,"column":27},"end":{"line":75,"column":2}},"8":{"start":{"line":77,"column":0},"end":{"line":77,"column":57}},"9":{"start":{"line":79,"column":20},"end":{"line":89,"column":2}},"10":{"start":{"line":91,"column":35},"end":{"line":102,"column":2}},"11":{"start":{"line":104,"column":0},"end":{"line":104,"column":101}},"12":{"start":{"line":106,"column":26},"end":{"line":117,"column":2}},"13":{"start":{"line":119,"column":30},"end":{"line":125,"column":2}},"14":{"start":{"line":127,"column":0},"end":{"line":127,"column":81}},"15":{"start":{"line":129,"column":27},"end":{"line":139,"column":2}},"16":{"start":{"line":141,"column":0},"end":{"line":141,"column":69}},"17":{"start":{"line":143,"column":13},"end":{"line":143,"column":71}},"18":{"start":{"line":144,"column":18},"end":{"line":144,"column":91}},"19":{"start":{"line":145,"column":21},"end":{"line":145,"column":103}},"20":{"start":{"line":146,"column":14},"end":{"line":146,"column":75}},"21":{"start":{"line":147,"column":29},"end":{"line":147,"column":135}},"22":{"start":{"line":148,"column":20},"end":{"line":148,"column":99}},"23":{"start":{"line":149,"column":24},"end":{"line":149,"column":115}},"24":{"start":{"line":150,"column":21},"end":{"line":150,"column":103}},"25":{"start":{"line":152,"column":0},"end":{"line":161,"column":2}}},"fnMap":{"0":{"name":"(anonymous_0)","decl":{"start":{"line":5,"column":39},"end":{"line":5,"column":40}},"loc":{"start":{"line":5,"column":46},"end":{"line":10,"column":1}},"line":5}},"branchMap":{"0":{"loc":{"start":{"line":143,"column":13},"end":{"line":143,"column":71}},"type":"binary-expr","locations":[{"start":{"line":143,"column":13},"end":{"line":143,"column":33}},{"start":{"line":143,"column":37},"end":{"line":143,"column":71}}],"line":143},"1":{"loc":{"start":{"line":144,"column":18},"end":{"line":144,"column":91}},"type":"binary-expr","locations":[{"start":{"line":144,"column":18},"end":{"line":144,"column":43}},{"start":{"line":144,"column":47},"end":{"line":144,"column":91}}],"line":144},"2":{"loc":{"start":{"line":145,"column":21},"end":{"line":145,"column":103}},"type":"binary-expr","locations":[{"start":{"line":145,"column":21},"end":{"line":145,"column":49}},{"start":{"line":145,"column":53},"end":{"line":145,"column":103}}],"line":145},"3":{"loc":{"start":{"line":146,"column":14},"end":{"line":146,"column":75}},"type":"binary-expr","locations":[{"start":{"line":146,"column":14},"end":{"line":146,"column":35}},{"start":{"line":146,"column":39},"end":{"line":146,"column":75}}],"line":146},"4":{"loc":{"start":{"line":147,"column":29},"end":{"line":147,"column":135}},"type":"binary-expr","locations":[{"start":{"line":147,"column":29},"end":{"line":147,"column":65}},{"start":{"line":147,"column":69},"end":{"line":147,"column":135}}],"line":147},"5":{"loc":{"start":{"line":148,"column":20},"end":{"line":148,"column":99}},"type":"binary-expr","locations":[{"start":{"line":148,"column":20},"end":{"line":148,"column":47}},{"start":{"line":148,"column":51},"end":{"line":148,"column":99}}],"line":148},"6":{"loc":{"start":{"line":149,"column":24},"end":{"line":149,"column":115}},"type":"binary-expr","locations":[{"start":{"line":149,"column":24},"end":{"line":149,"column":55}},{"start":{"line":149,"column":59},"end":{"line":149,"column":115}}],"line":149},"7":{"loc":{"start":{"line":150,"column":21},"end":{"line":150,"column":103}},"type":"binary-expr","locations":[{"start":{"line":150,"column":21},"end":{"line":150,"column":49}},{"start":{"line":150,"column":53},"end":{"line":150,"column":103}}],"line":150}},"s":{"0":0,"1":0,"2":0,"3":0,"4":0,"5":0,"6":0,"7":0,"8":0,"9":0,"10":0,"11":0,"12":0,"13":0,"14":0,"15":0,"16":0,"17":0,"18":0,"19":0,"20":0,"21":0,"22":0,"23":0,"24":0,"25":0},"f":{"0":0},"b":{"0":[0,0],"1":[0,0],"2":[0,0],"3":[0,0],"4":[0,0],"5":[0,0],"6":[0,0],"7":[0,0]}}
,"C:\\Users\\shrid\\Downloads\\moodlift-production\\moodlift\\backend\\src\\routes\\_extra.routes.js": {"path":"C:\\Users\\shrid\\Downloads\\moodlift-production\\moodlift\\backend\\src\\routes\\_extra.routes.js","statementMap":{"0":{"start":{"line":4,"column":16},"end":{"line":4,"column":34}},"1":{"start":{"line":5,"column":17},"end":{"line":5,"column":36}},"2":{"start":{"line":6,"column":25},"end":{"line":6,"column":65}},"3":{"start":{"line":7,"column":56},"end":{"line":7,"column":76}},"4":{"start":{"line":8,"column":31},"end":{"line":8,"column":57}},"5":{"start":{"line":9,"column":22},"end":{"line":9,"column":51}},"6":{"start":{"line":11,"column":14},"end":{"line":11,"column":88}},"7":{"start":{"line":11,"column":26},"end":{"line":11,"column":87}},"8":{"start":{"line":12,"column":17},"end":{"line":12,"column":95}},"9":{"start":{"line":14,"column":22},"end":{"line":14,"column":38}},"10":{"start":{"line":15,"column":20},"end":{"line":15,"column":36}},"11":{"start":{"line":16,"column":24},"end":{"line":16,"column":40}},"12":{"start":{"line":18,"column":0},"end":{"line":18,"column":32}},"13":{"start":{"line":19,"column":0},"end":{"line":19,"column":30}},"14":{"start":{"line":20,"column":0},"end":{"line":20,"column":34}},"15":{"start":{"line":22,"column":0},"end":{"line":153,"column":3}},"16":{"start":{"line":23,"column":2},"end":{"line":152,"column":3}},"17":{"start":{"line":24,"column":19},"end":{"line":24,"column":30}},"18":{"start":{"line":25,"column":21},"end":{"line":25,"column":41}},"19":{"start":{"line":26,"column":19},"end":{"line":26,"column":43}},"20":{"start":{"line":27,"column":4},"end":{"line":29,"column":5}},"21":{"start":{"line":28,"column":6},"end":{"line":28,"column":69}},"22":{"start":{"line":31,"column":25},"end":{"line":31,"column":60}},"23":{"start":{"line":32,"column":28},"end":{"line":32,"column":38}},"24":{"start":{"line":33,"column":4},"end":{"line":33,"column":60}},"25":{"start":{"line":34,"column":26},"end":{"line":34,"column":36}},"26":{"start":{"line":35,"column":4},"end":{"line":35,"column":56}},"27":{"start":{"line":36,"column":25},"end":{"line":36,"column":35}},"28":{"start":{"line":37,"column":4},"end":{"line":37,"column":53}},"29":{"start":{"line":38,"column":33},"end":{"line":38,"column":43}},"30":{"start":{"line":39,"column":4},"end":{"line":39,"column":70}},"31":{"start":{"line":41,"column":77},"end":{"line":101,"column":6}},"32":{"start":{"line":103,"column":21},"end":{"line":103,"column":53}},"33":{"start":{"line":104,"column":21},"end":{"line":104,"column":53}},"34":{"start":{"line":105,"column":23},"end":{"line":105,"column":49}},"35":{"start":{"line":107,"column":28},"end":{"line":110,"column":7}},"36":{"start":{"line":107,"column":53},"end":{"line":110,"column":5}},"37":{"start":{"line":112,"column":33},"end":{"line":115,"column":7}},"38":{"start":{"line":112,"column":62},"end":{"line":115,"column":5}},"39":{"start":{"line":117,"column":21},"end":{"line":136,"column":5}},"40":{"start":{"line":138,"column":17},"end":{"line":146,"column":5}},"41":{"start":{"line":148,"column":4},"end":{"line":148,"column":41}},"42":{"start":{"line":149,"column":4},"end":{"line":149,"column":38}},"43":{"start":{"line":151,"column":4},"end":{"line":151,"column":14}},"44":{"start":{"line":155,"column":0},"end":{"line":188,"column":3}},"45":{"start":{"line":156,"column":2},"end":{"line":187,"column":3}},"46":{"start":{"line":157,"column":50},"end":{"line":157,"column":59}},"47":{"start":{"line":158,"column":23},"end":{"line":158,"column":41}},"48":{"start":{"line":159,"column":24},"end":{"line":159,"column":43}},"49":{"start":{"line":160,"column":19},"end":{"line":160,"column":49}},"50":{"start":{"line":161,"column":19},"end":{"line":161,"column":43}},"51":{"start":{"line":163,"column":4},"end":{"line":165,"column":5}},"52":{"start":{"line":164,"column":6},"end":{"line":164,"column":29}},"53":{"start":{"line":167,"column":43},"end":{"line":175,"column":6}},"54":{"start":{"line":177,"column":4},"end":{"line":184,"column":7}},"55":{"start":{"line":186,"column":4},"end":{"line":186,"column":14}},"56":{"start":{"line":190,"column":0},"end":{"line":201,"column":3}},"57":{"start":{"line":191,"column":2},"end":{"line":200,"column":3}},"58":{"start":{"line":192,"column":4},"end":{"line":195,"column":6}},"59":{"start":{"line":197,"column":4},"end":{"line":197,"column":32}},"60":{"start":{"line":199,"column":4},"end":{"line":199,"column":14}},"61":{"start":{"line":203,"column":0},"end":{"line":214,"column":3}},"62":{"start":{"line":204,"column":2},"end":{"line":213,"column":3}},"63":{"start":{"line":205,"column":4},"end":{"line":208,"column":6}},"64":{"start":{"line":210,"column":4},"end":{"line":210,"column":32}},"65":{"start":{"line":212,"column":4},"end":{"line":212,"column":14}},"66":{"start":{"line":216,"column":0},"end":{"line":285,"column":3}},"67":{"start":{"line":217,"column":2},"end":{"line":284,"column":3}},"68":{"start":{"line":218,"column":19},"end":{"line":218,"column":30}},"69":{"start":{"line":219,"column":21},"end":{"line":219,"column":51}},"70":{"start":{"line":220,"column":19},"end":{"line":220,"column":43}},"71":{"start":{"line":221,"column":4},"end":{"line":223,"column":5}},"72":{"start":{"line":222,"column":6},"end":{"line":222,"column":69}},"73":{"start":{"line":225,"column":25},"end":{"line":225,"column":60}},"74":{"start":{"line":226,"column":26},"end":{"line":226,"column":36}},"75":{"start":{"line":227,"column":4},"end":{"line":227,"column":56}},"76":{"start":{"line":229,"column":78},"end":{"line":263,"column":6}},"77":{"start":{"line":265,"column":17},"end":{"line":278,"column":5}},"78":{"start":{"line":267,"column":57},"end":{"line":272,"column":7}},"79":{"start":{"line":273,"column":57},"end":{"line":276,"column":7}},"80":{"start":{"line":280,"column":4},"end":{"line":280,"column":40}},"81":{"start":{"line":281,"column":4},"end":{"line":281,"column":38}},"82":{"start":{"line":283,"column":4},"end":{"line":283,"column":14}},"83":{"start":{"line":287,"column":0},"end":{"line":287,"column":65}}},"fnMap":{"0":{"name":"(anonymous_0)","decl":{"start":{"line":11,"column":14},"end":{"line":11,"column":15}},"loc":{"star
[...]
},"end":{"line":131,"column":30}},"50":{"start":{"line":132,"column":19},"end":{"line":135,"column":6}},"51":{"start":{"line":137,"column":4},"end":{"line":137,"column":71}},"52":{"start":{"line":139,"column":4},"end":{"line":139,"column":56}},"53":{"start":{"line":143,"column":24},"end":{"line":153,"column":1}},"54":{"start":{"line":144,"column":2},"end":{"line":152,"column":3}},"55":{"start":{"line":145,"column":4},"end":{"line":145,"column":30}},"56":{"start":{"line":146,"column":4},"end":{"line":146,"column":29}},"57":{"start":{"line":147,"column":4},"end":{"line":147,"column":27}},"58":{"start":{"line":148,"column":4},"end":{"line":148,"column":35}},"59":{"start":{"line":149,"column":4},"end":{"line":149,"column":41}},"60":{"start":{"line":151,"column":4},"end":{"line":151,"column":68}},"61":{"start":{"line":155,"column":23},"end":{"line":161,"column":1}},"62":{"start":{"line":156,"column":2},"end":{"line":156,"column":27}},"63":{"start":{"line":157,"column":2},"end":{"line":157,"column":26}},"64":{"start":{"line":158,"column":2},"end":{"line":158,"column":24}},"65":{"start":{"line":159,"column":2},"end":{"line":159,"column":32}},"66":{"start":{"line":160,"column":2},"end":{"line":160,"column":35}},"67":{"start":{"line":163,"column":0},"end":{"line":163,"column":53}}},"fnMap":{"0":{"name":"(anonymous_0)","decl":{"start":{"line":11,"column":21},"end":{"line":11,"column":22}},"loc":{"start":{"line":11,"column":27},"end":{"line":14,"column":1}},"line":11},"1":{"name":"(anonymous_1)","decl":{"start":{"line":16,"column":16},"end":{"line":16,"column":17}},"loc":{"start":{"line":16,"column":26},"end":{"line":20,"column":1}},"line":16},"2":{"name":"(anonymous_2)","decl":{"start":{"line":25,"column":54},"end":{"line":25,"column":55}},"loc":{"start":{"line":25,"column":66},"end":{"line":51,"column":1}},"line":25},"3":{"name":"(anonymous_3)","decl":{"start":{"line":44,"column":24},"end":{"line":44,"column":25}},"loc":{"start":{"line":44,"column":37},"end":{"line":44,"column":61}},"line":44},"4":{"name":"(anonymous_4)","decl":{"start":{"line":56,"column":52},"end":{"line":56,"column":53}},"loc":{"start":{"line":56,"column":64},"end":{"line":101,"column":1}},"line":56},"5":{"name":"(anonymous_5)","decl":{"start":{"line":93,"column":24},"end":{"line":93,"column":25}},"loc":{"start":{"line":93,"column":37},"end":{"line":93,"column":61}},"line":93},"6":{"name":"(anonymous_6)","decl":{"start":{"line":106,"column":50},"end":{"line":106,"column":51}},"loc":{"start":{"line":106,"column":62},"end":{"line":124,"column":1}},"line":106},"7":{"name":"(anonymous_7)","decl":{"start":{"line":129,"column":58},"end":{"line":129,"column":59}},"loc":{"start":{"line":129,"column":70},"end":{"line":141,"column":1}},"line":129},"8":{"name":"(anonymous_8)","decl":{"start":{"line":143,"column":24},"end":{"line":143,"column":25}},"loc":{"start":{"line":143,"column":30},"end":{"line":153,"column":1}},"line":143},"9":{"name":"(anonymous_9)","decl":{"start":{"line":155,"column":23},"end":{"line":155,"column":24}},"loc":{"start":{"line":155,"column":29},"end":{"line":161,"column":1}},"line":155}},"branchMap":{"0":{"loc":{"start":{"line":84,"column":6},"end":{"line":86,"column":7}},"type":"if","locations":[{"start":{"line":84,"column":6},"end":{"line":86,"column":7}},{"start":{},"end":{}}],"line":84},"1":{"loc":{"start":{"line":144,"column":2},"end":{"line":152,"column":3}},"type":"if","locations":[{"start":{"line":144,"column":2},"end":{"line":152,"column":3}},{"start":{"line":150,"column":9},"end":{"line":152,"column":3}}],"line":144}},"s":{"0":0,"1":0,"2":0,"3":0,"4":0,"5":0,"6":0,"7":0,"8":0,"9":0,"10":0,"11":0,"12":0,"13":0,"14":0,"15":0,"16":0,"17":0,"18":0,"19":0,"20":0,"21":0,"22":0,"23":0,"24":0,"25":0,"26":0,"27":0,"28":0,"29":0,"30":0,"31":0,"32":0,"33":0,"34":0,"35":0,"36":0,"37":0,"38":0,"39":0,"40":0,"41":0,"42":0,"43":0,"44":0,"45":0,"46":0,"47":0,"48":0,"49":0,"50":0,"51":0,"52":0,"53":0,"54":0,"55":0,"56":0,"57":0,"58":0,"59":0,"60":0,"61":0,"62":0,"63":0,"64":0,"65":0,"66":0,"67":0},"f":{"0":0,"1":0,"2":0,"3":0,"4":0,"5":0,"6":0,"7":0,"8":0,"9":0},"b":{"0":[0,0],"1":[0,0]}}
,"C:\\Users\\shrid\\Downloads\\moodlift-production\\moodlift\\backend\\src\\utils\\errors.js": {"path":"C:\\Users\\shrid\\Downloads\\moodlift-production\\moodlift\\backend\\src\\utils\\errors.js","statementMap":{"0":{"start":{"line":7,"column":4},"end":{"line":7,"column":19}},"1":{"start":{"line":8,"column":4},"end":{"line":8,"column":27}},"2":{"start":{"line":9,"column":4},"end":{"line":9,"column":33}},"3":{"start":{"line":10,"column":4},"end":{"line":10,"column":21}},"4":{"start":{"line":11,"column":4},"end":{"line":11,"column":27}},"5":{"start":{"line":12,"column":4},"end":{"line":12,"column":30}},"6":{"start":{"line":13,"column":4},"end":{"line":13,"column":52}},"7":{"start":{"line":19,"column":4},"end":{"line":19,"column":53}},"8":{"start":{"line":20,"column":4},"end":{"line":20,"column":34}},"9":{"start":{"line":26,"column":4},"end":{"line":26,"column":48}},"10":{"start":{"line":27,"column":4},"end":{"line":27,"column":38}},"11":{"start":{"line":33,"column":4},"end":{"line":33,"column":47}},"12":{"start":{"line":34,"column":4},"end":{"line":34,"column":37}},"13":{"start":{"line":40,"column":4},"end":{"line":40,"column":53}},"14":{"start":{"line":41,"column":4},"end":{"line":41,"column":32}},"15":{"start":{"line":47,"column":4},"end":{"line":47,"column":36}},"16":{"start":{"line":48,"column":4},"end":{"line":48,"column":32}},"17":{"start":{"line":54,"column":4},"end":{"line":54,"column":47}},"18":{"start":{"line":55,"column":4},"end":{"line":55,"column":33}},"19":{"start":{"line":59,"column":0},"end":{"line":67,"column":2}}},"fnMap":{"0":{"name":"(anonymous_0)","decl":{"start":{"line":6,"column":2},"end":{"line":6,"column":3}},"loc":{"start":{"line":6,"column":82},"end":{"line":14,"column":3}},"line":6},"1":{"name":"(anonymous_1)","decl":{"start":{"line":18,"column":2},"end":{"line":18,"column":3}},"loc":{"start":{"line":18,"column":39},"end":{"line":21,"column":3}},"line":18},"2":{"name":"(anonymous_2)","decl":{"start":{"line":25,"column":2},"end":{"line":25,"column":3}},"loc":{"start":{"line":25,"column":51},"end":{"line":28,"column":3}},"line":25},"3":{"name":"(anonymous_3)","decl":{"start":{"line":32,"column":2},"end":{"line":32,"column":3}},"loc":{"start":{"line":32,"column":52},"end":{"line":35,"column":3}},"line":32},"4":{"name":"(anonymous_4)","decl":{"start":{"line":39,"column":2},"end":{"line":39,"column":3}},"loc":{"start":{"line":39,"column":37},"end":{"line":42,"column":3}},"line":39},"5":{"name":"(anonymous_5)","decl":{"start":{"line":46,"column":2},"end":{"line":46,"column":3}},"loc":{"start":{"line":46,"column":23},"end":{"line":49,"column":3}},"line":46},"6":{"name":"(anonymous_6)","decl":{"start":{"line":53,"column":2},"end":{"line":53,"column":3}},"loc":{"start":{"line":53,"column":47},"end":{"line":56,"column":3}},"line":53}},"branchMap":{"0":{"loc":{"start":{"line":6,"column":23},"end":{"line":6,"column":39}},"type":"default-arg","locations":[{"start":{"line":6,"column":36},"end":{"line":6,"column":39}}],"line":6},"1":{"loc":{"start":{"line":6,"column":41},"end":{"line":6,"column":64}},"type":"default-arg","locations":[{"start":{"line":6,"column":48},"end":{"line":6,"column":64}}],"line":6},"2":{"loc":{"start":{"line":6,"column":66},"end":{"line":6,"column":80}},"type":"default-arg","locations":[{"start":{"line":6,"column":76},"end":{"line":6,"column":80}}],"line":6},"3":{"loc":{"start":{"line":18,"column":23},"end":{"line":18,"column":37}},"type":"default-arg","locations":[{"start":{"line":18,"column":33},"end":{"line":18,"column":37}}],"line":18},"4":{"loc":{"start":{"line":25,"column":14},"end":{"line":25,"column":49}},"type":"default-arg","locations":[{"start":{"line":25,"column":24},"end":{"line":25,"column":49}}],"line":25},"5":{"loc":{"start":{"line":32,"column":14},"end":{"line":32,"column":50}},"type":"default-arg","locations":[{"start":{"line":32,"column":24},"end":{"line":32,"column":50}}],"line":32},"6":{"loc":{"start":{"line":39,"column":14},"end":{"line":39,"column":35}},"type":"default-arg","locations":[{"start":{"line":39,"column":25},"end":{"line":39,"column":35}}],"line":39},"7":{"loc":{"start":{"line":53,"column":14},"end":{"line":53,"column":45}},"type":"default-arg","locations":[{"start":{"line":53,"column":24},"end":{"line":53,"column":45}}],"line":53}},"s":{"0":0,"1":0,"2":0,"3":0,"4":0,"5":0,"6":0,"7":0,"8":0,"9":0,"10":0,"11":0,"12":0,"13":0,"14":0,"15":0,"16":0,"17":0,"18":0,"19":0},"f":{"0":0,"1":0,"2":0,"3":0,"4":0,"5":0,"6":0},"b":{"0":[0],"1":[0],"2":[0],"3":[0],"4":[0],"5":[0],"6":[0],"7":[0]}}
,"C:\\Users\\shrid\\Downloads\\moodlift-production\\moodlift\\backend\\src\\utils\\jwt.js": {"path":"C:\\Users\\shrid\\Downloads\\moodlift-production\\moodlift\\backend\\src\\utils\\jwt.js","statementMap":{"0":{"start":{"line":5,"column":12},"end":{"line":5,"column":35}},"1":{"start":{"line":6,"column":21},"end":{"line":6,"column":40}},"2":{"start":{"line":8,"column":19},"end":{"line":8,"column":78}},"3":{"start":{"line":9,"column":23},"end":{"line":9,"column":57}},"4":{"start":{"line":10,"column":27},"end":{"line":10,"column":81}},"5":{"start":{"line":11,"column":31},"end":{"line":11,"column":74}},"6":{"start":{"line":16,"column":28},"end":{"line":22,"column":1}},"7":{"start":{"line":17,"column":2},"end":{"line":21,"column":5}},"8":{"start":{"line":27,"column":29},"end":{"line":33,"column":1}},"9":{"start":{"line":28,"column":2},"end":{"line":32,"column":5}},"10":{"start":{"line":38,"column":26},"end":{"line":50,"column":1}},"11":{"start":{"line":39,"column":2},"end":{"line":49,"column":3}},"12":{"start":{"line":40,"column":4},"end":{"line":43,"column":7}},"13":{"start":{"line":45,"column":4},"end":{"line":47,"column":5}},"14":{"start":{"line":46,"column":6},"end":{"line":46,"column":71}},"15":{"start":{"line":48,"column":4},"end":{"line":48,"column":69}},"16":{"start":{"line":55,"column":27},"end":{"line":64,"column":1}},"17":{"start":{"line":56,"column":2},"end":{"line":63,"column":3}},"18":{"start":{"line":57,"column":4},"end":{"line":60,"column":7}},"19":{"start":{"line":62,"column":4},"end":{"line":62,"column":89}},"20":{"start":{"line":69,"column":26},"end":{"line":81,"column":1}},"21":{"start":{"line":70,"column":18},"end":{"line":75,"column":3}},"22":{"start":{"line":77,"column":2},"end":{"line":80,"column":4}},"23":{"start":{"line":86,"column":23},"end":{"line":89,"column":1}},"24":{"start":{"line":87,"column":18},"end":{"line":87,"column":35}},"25":{"start":{"line":88,"column":2},"end":{"line":88,"column":22}},"26":{"start":{"line":91,"column":0},"end":{"line":98,"column":2}}},"fnMap":{"0":{"name":"(anonymous_0)","decl":{"start":{"line":16,"column":28},"end":{"line":16,"column":29}},"loc":{"start":{"line":16,"column":41},"end":{"line":22,"column":1}},"line":16},"1":{"name":"(anonymous_1)","decl":{"start":{"line":27,"column":29},"end":{"line":27,"column":30}},"loc":{"start":{"line":27,"column":42},"end":{"line":33,"column":1}},"line":27},"2":{"name":"(anonymous_2)","decl":{"start":{"line":38,"column":26},"end":{"line":38,"column":27}},"loc":{"start":{"line":38,"column":37},"end":{"line":50,"column":1}},"line":38},"3":{"name":"(anonymous_3)","decl":{"start":{"line":55,"column":27},"end":{"line":55,"column":28}},"loc":{"start":{"line":55,"column":38},"end":{"line":64,"column":1}},"line":55},"4":{"name":"(anonymous_4)","decl":{"start":{"line":69,"column":26},"end":{"line":69,"column":27}},"loc":{"start":{"line":69,"column":36},"end":{"line":81,"column":1}},"line":69},"5":{"name":"(anonymous_5)","decl":{"start":{"line":86,"column":23},"end":{"line":86,"column":24}},"loc":{"start":{"line":86,"column":34},"end":{"line":89,"column":1}},"line":86}},"branchMap":{"0":{"loc":{"start":{"line":8,"column":19},"end":{"line":8,"column":78}},"type":"binary-expr","locations":[{"start":{"line":8,"column":19},"end":{"line":8,"column":41}},{"start":{"line":8,"column":45},"end":{"line":8,"column":78}}],"line":8},"1":{"loc":{"start":{"line":9,"column":23},"end":{"line":9,"column":57}},"type":"binary-expr","locations":[{"start":{"line":9,"column":23},"end":{"line":9,"column":49}},{"start":{"line":9,"column":53},"end":{"line":9,"column":57}}],"line":9},"2":{"loc":{"start":{"line":10,"column":27},"end":{"line":10,"column":81}},"type":"binary-expr","locations":[{"start":{"line":10,"column":27},"end":{"line":10,"column":57}},{"start":{"line":10,"column":61},"end":{"line":10,"column":81}}],"line":10},"3":{"loc":{"start":{"line":11,"column":31},"end":{"line":11,"column":74}},"type":"binary-expr","locations":[{"start":{"line":11,"column":31},"end":{"line":11,"column":65}},{"start":{"line":11,"column":69},"end":{"line":11,"column":74}}],"line":11},"4":{"loc":{"start":{"line":45,"column":4},"end":{"line":47,"column":5}},"type":"if","locations":[{"start":{"line":45,"column":4},"end":{"line":47,"column":5}},{"start":{},"end":{}}],"line":45}},"s":{"0":0,"1":0,"2":0,"3":0,"4":0,"5":0,"6":0,"7":0,"8":0,"9":0,"10":0,"11":0,"12":0,"13":0,"14":0,"15":0,"16":0,"17":0,"18":0,"19":0,"20":0,"21":0,"22":0,"23":0,"24":0,"25":0,"26":0},"f":{"0":0,"1":0,"2":0,"3":0,"4":0,"5":0},"b":{"0":[0,0],"1":[0,0],"2":[0,0],"3":[0,0],"4":[0,0]}}
,"C:\\Users\\shrid\\Downloads\\moodlift-production\\moodlift\\backend\\src\\utils\\logger.js": {"path":"C:\\Users\\shrid\\Downloads\\moodlift-production\\moodlift\\backend\\src\\utils\\logger.js","statementMap":{"0":{"start":{"line":6,"column":16},"end":{"line":6,"column":34}},"1":{"start":{"line":7,"column":24},"end":{"line":7,"column":60}},"2":{"start":{"line":8,"column":13},"end":{"line":8,"column":28}},"3":{"start":{"line":9,"column":11},"end":{"line":9,"column":24}},"4":{"start":{"line":11,"column":16},"end":{"line":11,"column":47}},"5":{"start":{"line":14,"column":0},"end":{"line":16,"column":1}},"6":{"start":{"line":15,"column":2},"end":{"line":15,"column":45}},"7":{"start":{"line":18,"column":63},"end":{"line":18,"column":77}},"8":{"start":{"line":21,"column":18},"end":{"line":24,"column":2}},"9":{"start":{"line":22,"column":18},"end":{"line":22,"column":86}},"10":{"start":{"line":23,"column":2},"end":{"line":23,"column":66}},"11":{"start":{"line":27,"column":25},"end":{"line":34,"column":2}},"12":{"start":{"line":37,"column":27},"end":{"line":44,"column":2}},"13":{"start":{"line":47,"column":30},"end":{"line":53,"column":2}},"14":{"start":{"line":56,"column":15},"end":{"line":81,"column":2}},"15":{"start":{"line":83,"column":0},"end":{"line":83,"column":28}}},"fnMap":{"0":{"name":"(anonymous_0)","decl":{"start":{"line":21,"column":25},"end":{"line":21,"column":26}},"loc":{"start":{"line":21,"column":76},"end":{"line":24,"column":1}},"line":21}},"branchMap":{"0":{"loc":{"start":{"line":11,"column":16},"end":{"line":11,"column":47}},"type":"binary-expr","locations":[{"start":{"line":11,"column":16},"end":{"line":11,"column":35}},{"start":{"line":11,"column":39},"end":{"line":11,"column":47}}],"line":11},"1":{"loc":{"start":{"line":14,"column":0},"end":{"line":16,"column":1}},"type":"if","locations":[{"start":{"line":14,"column":0},"end":{"line":16,"column":1}},{"start":{},"end":{}}],"line":14},"2":{"loc":{"start":{"line":22,"column":18},"end":{"line":22,"column":86}},"type":"cond-expr","locations":[{"start":{"line":22,"column":45},"end":{"line":22,"column":81}},{"start":{"line":22,"column":84},"end":{"line":22,"column":86}}],"line":22},"3":{"loc":{"start":{"line":23,"column":37},"end":{"line":23,"column":53}},"type":"binary-expr","locations":[{"start":{"line":23,"column":37},"end":{"line":23,"column":42}},{"start":{"line":23,"column":46},"end":{"line":23,"column":53}}],"line":23},"4":{"loc":{"start":{"line":57,"column":9},"end":{"line":57,"column":40}},"type":"binary-expr","locations":[{"start":{"line":57,"column":9},"end":{"line":57,"column":30}},{"start":{"line":57,"column":34},"end":{"line":57,"column":40}}],"line":57}},"s":{"0":0,"1":0,"2":0,"3":0,"4":0,"5":0,"6":0,"7":0,"8":0,"9":0,"10":0,"11":0,"12":0,"13":0,"14":0,"15":0},"f":{"0":0},"b":{"0":[0,0],"1":[0,0],"2":[0,0],"3":[0,0],"4":[0,0]}}
,"C:\\Users\\shrid\\Downloads\\moodlift-production\\moodlift\\backend\\src\\utils\\serialize.js": {"path":"C:\\Users\\shrid\\Downloads\\moodlift-production\\moodlift\\backend\\src\\utils\\serialize.js","statementMap":{"0":{"start":{"line":1,"column":18},"end":{"line":25,"column":1}},"1":{"start":{"line":2,"column":2},"end":{"line":4,"column":3}},"2":{"start":{"line":3,"column":4},"end":{"line":3,"column":32}},"3":{"start":{"line":6,"column":2},"end":{"line":22,"column":3}},"4":{"start":{"line":7,"column":19},"end":{"line":7,"column":21}},"5":{"start":{"line":9,"column":4},"end":{"line":11,"column":5}},"6":{"start":{"line":10,"column":6},"end":{"line":10,"column":28}},"7":{"start":{"line":13,"column":4},"end":{"line":19,"column":7}},"8":{"start":{"line":14,"column":6},"end":{"line":16,"column":7}},"9":{"start":{"line":15,"column":8},"end":{"line":15,"column":15}},"10":{"start":{"line":18,"column":6},"end":{"line":18,"column":36}},"11":{"start":{"line":21,"column":4},"end":{"line":21,"column":18}},"12":{"start":{"line":24,"column":2},"end":{"line":24,"column":15}},"13":{"start":{"line":27,"column":18},"end":{"line":33,"column":1}},"14":{"start":{"line":28,"column":2},"end":{"line":30,"column":3}},"15":{"start":{"line":29,"column":4},"end":{"line":29,"column":17}},"16":{"start":{"line":32,"column":2},"end":{"line":32,"column":54}},"17":{"start":{"line":35,"column":0},"end":{"line":37,"column":2}}},"fnMap":{"0":{"name":"(anonymous_0)","decl":{"start":{"line":1,"column":18},"end":{"line":1,"column":19}},"loc":{"start":{"line":1,"column":29},"end":{"line":25,"column":1}},"line":1},"1":{"name":"(anonymous_1)","decl":{"start":{"line":13,"column":34},"end":{"line":13,"column":35}},"loc":{"start":{"line":13,"column":51},"end":{"line":19,"column":5}},"line":13},"2":{"name":"(anonymous_2)","decl":{"start":{"line":27,"column":18},"end":{"line":27,"column":19}},"loc":{"start":{"line":27,"column":29},"end":{"line":33,"column":1}},"line":27}},"branchMap":{"0":{"loc":{"start":{"line":2,"column":2},"end":{"line":4,"column":3}},"type":"if","locations":[{"start":{"line":2,"column":2},"end":{"line":4,"column":3}},{"start":{},"end":{}}],"line":2},"1":{"loc":{"start":{"line":6,"column":2},"end":{"line":22,"column":3}},"type":"if","locations":[{"start":{"line":6,"column":2},"end":{"line":22,"column":3}},{"start":{},"end":{}}],"line":6},"2":{"loc":{"start":{"line":6,"column":6},"end":{"line":6,"column":40}},"type":"binary-expr","locations":[{"start":{"line":6,"column":6},"end":{"line":6,"column":11}},{"start":{"line":6,"column":15},"end":{"line":6,"column":40}}],"line":6},"3":{"loc":{"start":{"line":9,"column":4},"end":{"line":11,"column":5}},"type":"if","locations":[{"start":{"line":9,"column":4},"end":{"line":11,"column":5}},{"start":{},"end":{}}],"line":9},"4":{"loc":{"start":{"line":9,"column":8},"end":{"line":9,"column":30}},"type":"binary-expr","locations":[{"start":{"line":9,"column":8},"end":{"line":9,"column":17}},{"start":{"line":9,"column":21},"end":{"line":9,"column":30}}],"line":9},"5":{"loc":{"start":{"line":14,"column":6},"end":{"line":16,"column":7}},"type":"if","locations":[{"start":{"line":14,"column":6},"end":{"line":16,"column":7}},{"start":{},"end":{}}],"line":14},"6":{"loc":{"start":{"line":14,"column":10},"end":{"line":14,"column":40}},"type":"binary-expr","locations":[{"start":{"line":14,"column":10},"end":{"line":14,"column":23}},{"start":{"line":14,"column":27},"end":{"line":14,"column":40}}],"line":14},"7":{"loc":{"start":{"line":28,"column":2},"end":{"line":30,"column":3}},"type":"if","locations":[{"start":{"line":28,"column":2},"end":{"line":30,"column":3}},{"start":{},"end":{}}],"line":28}},"s":{"0":0,"1":0,"2":0,"3":0,"4":0,"5":0,"6":0,"7":0,"8":0,"9":0,"10":0,"11":0,"12":0,"13":0,"14":0,"15":0,"16":0,"17":0},"f":{"0":0,"1":0,"2":0},"b":{"0":[0,0],"1":[0,0],"2":[0,0],"3":[0,0],"4":[0,0],"5":[0,0],"6":[0,0],"7":[0,0]}}
}
